19-Oct-2025 07:15:22.627 INFO [main] org.apache.catalina.startup.VersionLoggerListener.log Server version name:   Apache Tomcat/10.1.40
19-Oct-2025 07:15:22.630 INFO [main] org.apache.catalina.startup.VersionLoggerListener.log Server built:          Apr 1 2025 17:20:53 UTC
19-Oct-2025 07:15:22.630 INFO [main] org.apache.catalina.startup.VersionLoggerListener.log Server version number: 10.1.40.0
19-Oct-2025 07:15:22.630 INFO [main] org.apache.catalina.startup.VersionLoggerListener.log OS Name:               Windows 11
19-Oct-2025 07:15:22.630 INFO [main] org.apache.catalina.startup.VersionLoggerListener.log OS Version:            10.0
19-Oct-2025 07:15:22.630 INFO [main] org.apache.catalina.startup.VersionLoggerListener.log Architecture:          amd64
19-Oct-2025 07:15:22.630 INFO [main] org.apache.catalina.startup.VersionLoggerListener.log Java Home:             C:\Program Files\Java\jdk-11
19-Oct-2025 07:15:22.630 INFO [main] org.apache.catalina.startup.VersionLoggerListener.log JVM Version:           11.0.27+8-LTS-232
19-Oct-2025 07:15:22.630 INFO [main] org.apache.catalina.startup.VersionLoggerListener.log JVM Vendor:            Oracle Corporation
19-Oct-2025 07:15:22.631 INFO [main] org.apache.catalina.startup.VersionLoggerListener.log CATALINA_BASE:         D:\CacLopFPT\Ki5_SE1902\SWP\Restaurant_Management_System\tomcat\apache-tomcat-10.1.40
19-Oct-2025 07:15:22.631 INFO [main] org.apache.catalina.startup.VersionLoggerListener.log CATALINA_HOME:         D:\CacLopFPT\Ki5_SE1902\SWP\Restaurant_Management_System\tomcat\apache-tomcat-10.1.40
19-Oct-2025 07:15:22.639 INFO [main] org.apache.catalina.startup.VersionLoggerListener.log Command line argument: -Djava.util.logging.config.file=D:\CacLopFPT\Ki5_SE1902\SWP\Restaurant_Management_System\tomcat\apache-tomcat-10.1.40\conf\logging.properties
19-Oct-2025 07:15:22.640 INFO [main] org.apache.catalina.startup.VersionLoggerListener.log Command line argument: -Djava.util.logging.manager=org.apache.juli.ClassLoaderLogManager
19-Oct-2025 07:15:22.640 INFO [main] org.apache.catalina.startup.VersionLoggerListener.log Command line argument: -Dhttp.nonProxyHosts=localhost|127.0.0.1|LAPTOP-7ND2K2DN
19-Oct-2025 07:15:22.640 INFO [main] org.apache.catalina.startup.VersionLoggerListener.log Command line argument: -Djdk.tls.ephemeralDHKeySize=2048
19-Oct-2025 07:15:22.640 INFO [main] org.apache.catalina.startup.VersionLoggerListener.log Command line argument: -Djava.protocol.handler.pkgs=org.apache.catalina.webresources
19-Oct-2025 07:15:22.640 INFO [main] org.apache.catalina.startup.VersionLoggerListener.log Command line argument: -Dsun.io.useCanonCaches=false
19-Oct-2025 07:15:22.640 INFO [main] org.apache.catalina.startup.VersionLoggerListener.log Command line argument: --add-opens=java.base/java.lang=ALL-UNNAMED
19-Oct-2025 07:15:22.640 INFO [main] org.apache.catalina.startup.VersionLoggerListener.log Command line argument: --add-opens=java.base/java.lang.reflect=ALL-UNNAMED
19-Oct-2025 07:15:22.640 INFO [main] org.apache.catalina.startup.VersionLoggerListener.log Command line argument: --add-opens=java.base/java.io=ALL-UNNAMED
19-Oct-2025 07:15:22.640 INFO [main] org.apache.catalina.startup.VersionLoggerListener.log Command line argument: --add-opens=java.base/java.util=ALL-UNNAMED
19-Oct-2025 07:15:22.640 INFO [main] org.apache.catalina.startup.VersionLoggerListener.log Command line argument: --add-opens=java.base/java.util.concurrent=ALL-UNNAMED
19-Oct-2025 07:15:22.640 INFO [main] org.apache.catalina.startup.VersionLoggerListener.log Command line argument: --add-opens=java.rmi/sun.rmi.transport=ALL-UNNAMED
19-Oct-2025 07:15:22.640 INFO [main] org.apache.catalina.startup.VersionLoggerListener.log Command line argument: -Dcatalina.base=D:\CacLopFPT\Ki5_SE1902\SWP\Restaurant_Management_System\tomcat\apache-tomcat-10.1.40
19-Oct-2025 07:15:22.640 INFO [main] org.apache.catalina.startup.VersionLoggerListener.log Command line argument: -Dcatalina.home=D:\CacLopFPT\Ki5_SE1902\SWP\Restaurant_Management_System\tomcat\apache-tomcat-10.1.40
19-Oct-2025 07:15:22.640 INFO [main] org.apache.catalina.startup.VersionLoggerListener.log Command line argument: -Djava.io.tmpdir=D:\CacLopFPT\Ki5_SE1902\SWP\Restaurant_Management_System\tomcat\apache-tomcat-10.1.40\temp
19-Oct-2025 07:15:22.794 INFO [main] org.apache.catalina.core.AprLifecycleListener.lifecycleEvent Loaded Apache Tomcat Native library [2.0.8] using APR version [1.7.4].
19-Oct-2025 07:15:22.798 INFO [main] org.apache.catalina.core.AprLifecycleListener.initializeSSL OpenSSL successfully initialized [OpenSSL 3.0.14 4 Jun 2024]
19-Oct-2025 07:15:22.935 INFO [main] org.apache.coyote.AbstractProtocol.init Initializing ProtocolHandler ["http-nio-8080"]
19-Oct-2025 07:15:22.951 INFO [main] org.apache.catalina.startup.Catalina.load Server initialization in [453] milliseconds
19-Oct-2025 07:15:22.981 INFO [main] org.apache.catalina.core.StandardService.startInternal Starting service [Catalina]
19-Oct-2025 07:15:22.981 INFO [main] org.apache.catalina.core.StandardEngine.startInternal Starting Servlet engine: [Apache Tomcat/10.1.40]
19-Oct-2025 07:15:22.989 INFO [main] org.apache.catalina.startup.HostConfig.deployDescriptor Deploying deployment descriptor [D:\CacLopFPT\Ki5_SE1902\SWP\Restaurant_Management_System\tomcat\apache-tomcat-10.1.40\conf\Catalina\localhost\RestaurantManagementSystem.xml]
19-Oct-2025 07:15:22.996 WARNING [main] org.apache.catalina.startup.HostConfig.deployDescriptor The path attribute with value [/RestaurantManagementSystem] in deployment descriptor [D:\CacLopFPT\Ki5_SE1902\SWP\Restaurant_Management_System\tomcat\apache-tomcat-10.1.40\conf\Catalina\localhost\RestaurantManagementSystem.xml] has been ignored
19-Oct-2025 07:15:26.245 INFO [main] org.apache.jasper.servlet.TldScanner.scanJars At least one JAR was scanned for TLDs yet contained no TLDs. Enable debug logging for this logger for a complete list of JARs that were scanned but no TLDs were found in them. Skipping unneeded JARs during scanning can improve startup time and JSP compilation time.
19-Oct-2025 07:15:26.384 WARNING [main] org.apache.catalina.util.SessionIdGeneratorBase.createSecureRandom Creation of SecureRandom instance for session ID generation using [SHA1PRNG] took [102] milliseconds.
19-Oct-2025 07:15:26.398 INFO [main] org.apache.catalina.startup.HostConfig.deployDescriptor Deployment of deployment descriptor [D:\CacLopFPT\Ki5_SE1902\SWP\Restaurant_Management_System\tomcat\apache-tomcat-10.1.40\conf\Catalina\localhost\RestaurantManagementSystem.xml] has finished in [3,409] ms
19-Oct-2025 07:15:26.398 INFO [main] org.apache.catalina.startup.HostConfig.deployDescriptor Deploying deployment descriptor [D:\CacLopFPT\Ki5_SE1902\SWP\Restaurant_Management_System\tomcat\apache-tomcat-10.1.40\conf\Catalina\localhost\SWP391_RMS.xml]
19-Oct-2025 07:15:26.399 WARNING [main] org.apache.catalina.startup.HostConfig.deployDescriptor The path attribute with value [/SWP391_RMS] in deployment descriptor [D:\CacLopFPT\Ki5_SE1902\SWP\Restaurant_Management_System\tomcat\apache-tomcat-10.1.40\conf\Catalina\localhost\SWP391_RMS.xml] has been ignored
19-Oct-2025 07:15:29.250 INFO [main] org.apache.jasper.servlet.TldScanner.scanJars At least one JAR was scanned for TLDs yet contained no TLDs. Enable debug logging for this logger for a complete list of JARs that were scanned but no TLDs were found in them. Skipping unneeded JARs during scanning can improve startup time and JSP compilation time.
19-Oct-2025 07:15:29.260 INFO [main] org.apache.catalina.startup.HostConfig.deployDescriptor Deployment of deployment descriptor [D:\CacLopFPT\Ki5_SE1902\SWP\Restaurant_Management_System\tomcat\apache-tomcat-10.1.40\conf\Catalina\localhost\SWP391_RMS.xml] has finished in [2,862] ms
19-Oct-2025 07:15:29.261 INFO [main] org.apache.catalina.startup.HostConfig.deployDirectory Deploying web application directory [D:\CacLopFPT\Ki5_SE1902\SWP\Restaurant_Management_System\tomcat\apache-tomcat-10.1.40\webapps\docs]
19-Oct-2025 07:15:29.282 INFO [main] org.apache.catalina.startup.HostConfig.deployDirectory Deployment of web application directory [D:\CacLopFPT\Ki5_SE1902\SWP\Restaurant_Management_System\tomcat\apache-tomcat-10.1.40\webapps\docs] has finished in [20] ms
19-Oct-2025 07:15:29.282 INFO [main] org.apache.catalina.startup.HostConfig.deployDirectory Deploying web application directory [D:\CacLopFPT\Ki5_SE1902\SWP\Restaurant_Management_System\tomcat\apache-tomcat-10.1.40\webapps\examples]
19-Oct-2025 07:15:30.255 INFO [main] org.apache.catalina.startup.HostConfig.deployDirectory Deployment of web application directory [D:\CacLopFPT\Ki5_SE1902\SWP\Restaurant_Management_System\tomcat\apache-tomcat-10.1.40\webapps\examples] has finished in [973] ms
19-Oct-2025 07:15:30.256 INFO [main] org.apache.catalina.startup.HostConfig.deployDirectory Deploying web application directory [D:\CacLopFPT\Ki5_SE1902\SWP\Restaurant_Management_System\tomcat\apache-tomcat-10.1.40\webapps\host-manager]
19-Oct-2025 07:15:30.278 INFO [main] org.apache.catalina.startup.HostConfig.deployDirectory Deployment of web application directory [D:\CacLopFPT\Ki5_SE1902\SWP\Restaurant_Management_System\tomcat\apache-tomcat-10.1.40\webapps\host-manager] has finished in [22] ms
19-Oct-2025 07:15:30.278 INFO [main] org.apache.catalina.startup.HostConfig.deployDirectory Deploying web application directory [D:\CacLopFPT\Ki5_SE1902\SWP\Restaurant_Management_System\tomcat\apache-tomcat-10.1.40\webapps\manager]
19-Oct-2025 07:15:30.300 INFO [main] org.apache.catalina.startup.HostConfig.deployDirectory Deployment of web application directory [D:\CacLopFPT\Ki5_SE1902\SWP\Restaurant_Management_System\tomcat\apache-tomcat-10.1.40\webapps\manager] has finished in [22] ms
19-Oct-2025 07:15:30.300 INFO [main] org.apache.catalina.startup.HostConfig.deployDirectory Deploying web application directory [D:\CacLopFPT\Ki5_SE1902\SWP\Restaurant_Management_System\tomcat\apache-tomcat-10.1.40\webapps\ROOT]
19-Oct-2025 07:15:30.311 INFO [main] org.apache.catalina.startup.HostConfig.deployDirectory Deployment of web application directory [D:\CacLopFPT\Ki5_SE1902\SWP\Restaurant_Management_System\tomcat\apache-tomcat-10.1.40\webapps\ROOT] has finished in [11] ms
19-Oct-2025 07:15:30.316 INFO [main] org.apache.coyote.AbstractProtocol.start Starting ProtocolHandler ["http-nio-8080"]
19-Oct-2025 07:15:30.421 INFO [main] org.apache.catalina.startup.Catalina.start Server startup in [7468] milliseconds
19-Oct-2025 07:15:37.110 INFO [http-nio-8080-exec-9] org.apache.catalina.startup.HostConfig.undeploy Undeploying context [/SWP391_RMS]
19-Oct-2025 07:15:37.167 INFO [http-nio-8080-exec-8] org.apache.catalina.startup.HostConfig.deployDescriptor Deploying deployment descriptor [D:\CacLopFPT\Ki5_SE1902\SWP\Restaurant_Management_System\tomcat\apache-tomcat-10.1.40\conf\Catalina\localhost\SWP391_RMS.xml]
19-Oct-2025 07:15:37.169 WARNING [http-nio-8080-exec-8] org.apache.catalina.startup.HostConfig.deployDescriptor The path attribute with value [/SWP391_RMS] in deployment descriptor [D:\CacLopFPT\Ki5_SE1902\SWP\Restaurant_Management_System\tomcat\apache-tomcat-10.1.40\conf\Catalina\localhost\SWP391_RMS.xml] has been ignored
19-Oct-2025 07:15:37.669 INFO [http-nio-8080-exec-8] org.apache.jasper.servlet.TldScanner.scanJars At least one JAR was scanned for TLDs yet contained no TLDs. Enable debug logging for this logger for a complete list of JARs that were scanned but no TLDs were found in them. Skipping unneeded JARs during scanning can improve startup time and JSP compilation time.
19-Oct-2025 07:15:37.683 INFO [http-nio-8080-exec-8] org.apache.catalina.startup.HostConfig.deployDescriptor Deployment of deployment descriptor [D:\CacLopFPT\Ki5_SE1902\SWP\Restaurant_Management_System\tomcat\apache-tomcat-10.1.40\conf\Catalina\localhost\SWP391_RMS.xml] has finished in [516] ms
19-Oct-2025 07:15:37.691 INFO [http-nio-8080-exec-10] org.apache.catalina.util.LifecycleBase.start The start() method was called on component [StandardEngine[Catalina].StandardHost[localhost].StandardContext[/SWP391_RMS]] after start() had already been called. The second call will be ignored.
19-Oct-2025 07:15:42.094 WARNING [http-nio-8080-exec-3] org.apache.catalina.loader.WebappClassLoaderBase.clearReferencesJdbc The web application [SWP391_RMS] registered the JDBC driver [com.microsoft.sqlserver.jdbc.SQLServerDriver] but failed to unregister it when the web application was stopped. To prevent a memory leak, the JDBC Driver has been forcibly unregistered.
19-Oct-2025 07:15:42.615 INFO [http-nio-8080-exec-3] org.apache.catalina.startup.HostConfig.undeploy Undeploying context [/SWP391_RMS]
19-Oct-2025 07:15:42.637 INFO [http-nio-8080-exec-1] org.apache.catalina.startup.HostConfig.deployDescriptor Deploying deployment descriptor [D:\CacLopFPT\Ki5_SE1902\SWP\Restaurant_Management_System\tomcat\apache-tomcat-10.1.40\conf\Catalina\localhost\SWP391_RMS.xml]
19-Oct-2025 07:15:42.638 WARNING [http-nio-8080-exec-1] org.apache.catalina.startup.HostConfig.deployDescriptor The path attribute with value [/SWP391_RMS] in deployment descriptor [D:\CacLopFPT\Ki5_SE1902\SWP\Restaurant_Management_System\tomcat\apache-tomcat-10.1.40\conf\Catalina\localhost\SWP391_RMS.xml] has been ignored
19-Oct-2025 07:15:43.076 INFO [http-nio-8080-exec-1] org.apache.jasper.servlet.TldScanner.scanJars At least one JAR was scanned for TLDs yet contained no TLDs. Enable debug logging for this logger for a complete list of JARs that were scanned but no TLDs were found in them. Skipping unneeded JARs during scanning can improve startup time and JSP compilation time.
19-Oct-2025 07:15:43.093 INFO [http-nio-8080-exec-1] org.apache.catalina.startup.HostConfig.deployDescriptor Deployment of deployment descriptor [D:\CacLopFPT\Ki5_SE1902\SWP\Restaurant_Management_System\tomcat\apache-tomcat-10.1.40\conf\Catalina\localhost\SWP391_RMS.xml] has finished in [456] ms
19-Oct-2025 07:15:43.098 INFO [http-nio-8080-exec-8] org.apache.catalina.util.LifecycleBase.start The start() method was called on component [StandardEngine[Catalina].StandardHost[localhost].StandardContext[/SWP391_RMS]] after start() had already been called. The second call will be ignored.
19-Oct-2025 07:28:43.843 SEVERE [http-nio-8080-exec-14] dao.EmployeeDAO.add null
	com.microsoft.sqlserver.jdbc.SQLServerException: Cannot insert duplicate key row in object 'dbo.employee' with unique index 'UX_employee_account_not_deleted'. The duplicate key value is (Nhu).
		at com.microsoft.sqlserver.jdbc.SQLServerException.makeFromDatabaseError(SQLServerException.java:270)
		at com.microsoft.sqlserver.jdbc.SQLServerStatement.getNextResult(SQLServerStatement.java:1778)
		at com.microsoft.sqlserver.jdbc.SQLServerPreparedStatement.doExecutePreparedStatement(SQLServerPreparedStatement.java:703)
		at com.microsoft.sqlserver.jdbc.SQLServerPreparedStatement$PrepStmtExecCmd.doExecute(SQLServerPreparedStatement.java:622)
		at com.microsoft.sqlserver.jdbc.TDSCommand.execute(IOBuffer.java:7775)
		at com.microsoft.sqlserver.jdbc.SQLServerConnection.executeCommand(SQLServerConnection.java:4408)
		at com.microsoft.sqlserver.jdbc.SQLServerStatement.executeCommand(SQLServerStatement.java:293)
		at com.microsoft.sqlserver.jdbc.SQLServerStatement.executeStatement(SQLServerStatement.java:263)
		at com.microsoft.sqlserver.jdbc.SQLServerPreparedStatement.executeUpdate(SQLServerPreparedStatement.java:565)
		at db.DBContext.executeQuery(DBContext.java:59)
		at dao.EmployeeDAO.add(EmployeeDAO.java:196)
		at controller.EmployeeServlet.doPost(EmployeeServlet.java:162)
		at jakarta.servlet.http.HttpServlet.service(HttpServlet.java:590)
		at jakarta.servlet.http.HttpServlet.service(HttpServlet.java:658)
		at org.apache.catalina.core.ApplicationFilterChain.internalDoFilter(ApplicationFilterChain.java:195)
		at org.apache.catalina.core.ApplicationFilterChain.doFilter(ApplicationFilterChain.java:140)
		at org.apache.tomcat.websocket.server.WsFilter.doFilter(WsFilter.java:51)
		at org.apache.catalina.core.ApplicationFilterChain.internalDoFilter(ApplicationFilterChain.java:164)
		at org.apache.catalina.core.ApplicationFilterChain.doFilter(ApplicationFilterChain.java:140)
		at org.apache.catalina.core.StandardWrapperValve.invoke(StandardWrapperValve.java:167)
		at org.apache.catalina.core.StandardContextValve.invoke(StandardContextValve.java:90)
		at org.apache.catalina.authenticator.AuthenticatorBase.invoke(AuthenticatorBase.java:483)
		at org.apache.catalina.core.StandardHostValve.invoke(StandardHostValve.java:116)
		at org.apache.catalina.valves.ErrorReportValve.invoke(ErrorReportValve.java:93)
		at org.apache.catalina.valves.AbstractAccessLogValve.invoke(AbstractAccessLogValve.java:666)
		at org.apache.catalina.core.StandardEngineValve.invoke(StandardEngineValve.java:74)
		at org.apache.catalina.connector.CoyoteAdapter.service(CoyoteAdapter.java:344)
		at org.apache.coyote.http11.Http11Processor.service(Http11Processor.java:398)
		at org.apache.coyote.AbstractProcessorLight.process(AbstractProcessorLight.java:63)
		at org.apache.coyote.AbstractProtocol$ConnectionHandler.process(AbstractProtocol.java:903)
		at org.apache.tomcat.util.net.NioEndpoint$SocketProcessor.doRun(NioEndpoint.java:1740)
		at org.apache.tomcat.util.net.SocketProcessorBase.run(SocketProcessorBase.java:52)
		at org.apache.tomcat.util.threads.ThreadPoolExecutor.runWorker(ThreadPoolExecutor.java:1189)
		at org.apache.tomcat.util.threads.ThreadPoolExecutor$Worker.run(ThreadPoolExecutor.java:658)
		at org.apache.tomcat.util.threads.TaskThread$WrappingRunnable.run(TaskThread.java:63)
		at java.base/java.lang.Thread.run(Thread.java:834)
19-Oct-2025 07:47:23.514 WARNING [http-nio-8080-exec-14] org.apache.catalina.loader.WebappClassLoaderBase.clearReferencesJdbc The web application [SWP391_RMS] registered the JDBC driver [com.microsoft.sqlserver.jdbc.SQLServerDriver] but failed to unregister it when the web application was stopped. To prevent a memory leak, the JDBC Driver has been forcibly unregistered.
19-Oct-2025 07:47:24.027 INFO [http-nio-8080-exec-14] org.apache.catalina.startup.HostConfig.undeploy Undeploying context [/SWP391_RMS]
19-Oct-2025 07:52:29.229 INFO [http-nio-8080-exec-16] org.apache.catalina.startup.HostConfig.deployDescriptor Deploying deployment descriptor [D:\CacLopFPT\Ki5_SE1902\SWP\Restaurant_Management_System\tomcat\apache-tomcat-10.1.40\conf\Catalina\localhost\SWP391_RMS.xml]
19-Oct-2025 07:52:29.234 WARNING [http-nio-8080-exec-16] org.apache.catalina.startup.HostConfig.deployDescriptor The path attribute with value [/SWP391_RMS] in deployment descriptor [D:\CacLopFPT\Ki5_SE1902\SWP\Restaurant_Management_System\tomcat\apache-tomcat-10.1.40\conf\Catalina\localhost\SWP391_RMS.xml] has been ignored
19-Oct-2025 07:52:30.169 INFO [http-nio-8080-exec-16] org.apache.jasper.servlet.TldScanner.scanJars At least one JAR was scanned for TLDs yet contained no TLDs. Enable debug logging for this logger for a complete list of JARs that were scanned but no TLDs were found in them. Skipping unneeded JARs during scanning can improve startup time and JSP compilation time.
19-Oct-2025 07:52:30.187 INFO [http-nio-8080-exec-16] org.apache.catalina.startup.HostConfig.deployDescriptor Deployment of deployment descriptor [D:\CacLopFPT\Ki5_SE1902\SWP\Restaurant_Management_System\tomcat\apache-tomcat-10.1.40\conf\Catalina\localhost\SWP391_RMS.xml] has finished in [958] ms
19-Oct-2025 07:52:30.193 INFO [http-nio-8080-exec-31] org.apache.catalina.util.LifecycleBase.start The start() method was called on component [StandardEngine[Catalina].StandardHost[localhost].StandardContext[/SWP391_RMS]] after start() had already been called. The second call will be ignored.
19-Oct-2025 07:54:44.457 INFO [main] org.apache.catalina.core.StandardServer.await A valid shutdown command was received via the shutdown port. Stopping the Server instance.
19-Oct-2025 07:54:44.457 INFO [main] org.apache.coyote.AbstractProtocol.pause Pausing ProtocolHandler ["http-nio-8080"]
19-Oct-2025 07:54:44.663 INFO [main] org.apache.catalina.core.StandardService.stopInternal Stopping service [Catalina]
19-Oct-2025 07:54:44.712 WARNING [main] org.apache.catalina.loader.WebappClassLoaderBase.clearReferencesJdbc The web application [SWP391_RMS] registered the JDBC driver [com.microsoft.sqlserver.jdbc.SQLServerDriver] but failed to unregister it when the web application was stopped. To prevent a memory leak, the JDBC Driver has been forcibly unregistered.
19-Oct-2025 07:54:44.717 INFO [main] org.apache.coyote.AbstractProtocol.stop Stopping ProtocolHandler ["http-nio-8080"]
19-Oct-2025 07:54:44.733 INFO [main] org.apache.coyote.AbstractProtocol.destroy Destroying ProtocolHandler ["http-nio-8080"]
19-Oct-2025 07:55:00.433 INFO [main] org.apache.catalina.startup.VersionLoggerListener.log Server version name:   Apache Tomcat/10.1.40
19-Oct-2025 07:55:00.438 INFO [main] org.apache.catalina.startup.VersionLoggerListener.log Server built:          Apr 1 2025 17:20:53 UTC
19-Oct-2025 07:55:00.438 INFO [main] org.apache.catalina.startup.VersionLoggerListener.log Server version number: 10.1.40.0
19-Oct-2025 07:55:00.438 INFO [main] org.apache.catalina.startup.VersionLoggerListener.log OS Name:               Windows 11
19-Oct-2025 07:55:00.438 INFO [main] org.apache.catalina.startup.VersionLoggerListener.log OS Version:            10.0
19-Oct-2025 07:55:00.438 INFO [main] org.apache.catalina.startup.VersionLoggerListener.log Architecture:          amd64
19-Oct-2025 07:55:00.438 INFO [main] org.apache.catalina.startup.VersionLoggerListener.log Java Home:             C:\Program Files\Java\jdk-11
19-Oct-2025 07:55:00.438 INFO [main] org.apache.catalina.startup.VersionLoggerListener.log JVM Version:           11.0.27+8-LTS-232
19-Oct-2025 07:55:00.438 INFO [main] org.apache.catalina.startup.VersionLoggerListener.log JVM Vendor:            Oracle Corporation
19-Oct-2025 07:55:00.438 INFO [main] org.apache.catalina.startup.VersionLoggerListener.log CATALINA_BASE:         D:\CacLopFPT\Ki5_SE1902\SWP\Restaurant_Management_System\tomcat\apache-tomcat-10.1.40
19-Oct-2025 07:55:00.438 INFO [main] org.apache.catalina.startup.VersionLoggerListener.log CATALINA_HOME:         D:\CacLopFPT\Ki5_SE1902\SWP\Restaurant_Management_System\tomcat\apache-tomcat-10.1.40
19-Oct-2025 07:55:00.452 INFO [main] org.apache.catalina.startup.VersionLoggerListener.log Command line argument: -Djava.util.logging.config.file=D:\CacLopFPT\Ki5_SE1902\SWP\Restaurant_Management_System\tomcat\apache-tomcat-10.1.40\conf\logging.properties
19-Oct-2025 07:55:00.452 INFO [main] org.apache.catalina.startup.VersionLoggerListener.log Command line argument: -Djava.util.logging.manager=org.apache.juli.ClassLoaderLogManager
19-Oct-2025 07:55:00.452 INFO [main] org.apache.catalina.startup.VersionLoggerListener.log Command line argument: -Dhttp.nonProxyHosts=localhost|127.0.0.1|LAPTOP-7ND2K2DN
19-Oct-2025 07:55:00.452 INFO [main] org.apache.catalina.startup.VersionLoggerListener.log Command line argument: -Djdk.tls.ephemeralDHKeySize=2048
19-Oct-2025 07:55:00.452 INFO [main] org.apache.catalina.startup.VersionLoggerListener.log Command line argument: -Djava.protocol.handler.pkgs=org.apache.catalina.webresources
19-Oct-2025 07:55:00.452 INFO [main] org.apache.catalina.startup.VersionLoggerListener.log Command line argument: -Dsun.io.useCanonCaches=false
19-Oct-2025 07:55:00.452 INFO [main] org.apache.catalina.startup.VersionLoggerListener.log Command line argument: --add-opens=java.base/java.lang=ALL-UNNAMED
19-Oct-2025 07:55:00.452 INFO [main] org.apache.catalina.startup.VersionLoggerListener.log Command line argument: --add-opens=java.base/java.lang.reflect=ALL-UNNAMED
19-Oct-2025 07:55:00.452 INFO [main] org.apache.catalina.startup.VersionLoggerListener.log Command line argument: --add-opens=java.base/java.io=ALL-UNNAMED
19-Oct-2025 07:55:00.452 INFO [main] org.apache.catalina.startup.VersionLoggerListener.log Command line argument: --add-opens=java.base/java.util=ALL-UNNAMED
19-Oct-2025 07:55:00.452 INFO [main] org.apache.catalina.startup.VersionLoggerListener.log Command line argument: --add-opens=java.base/java.util.concurrent=ALL-UNNAMED
19-Oct-2025 07:55:00.452 INFO [main] org.apache.catalina.startup.VersionLoggerListener.log Command line argument: --add-opens=java.rmi/sun.rmi.transport=ALL-UNNAMED
19-Oct-2025 07:55:00.452 INFO [main] org.apache.catalina.startup.VersionLoggerListener.log Command line argument: -Dcatalina.base=D:\CacLopFPT\Ki5_SE1902\SWP\Restaurant_Management_System\tomcat\apache-tomcat-10.1.40
19-Oct-2025 07:55:00.452 INFO [main] org.apache.catalina.startup.VersionLoggerListener.log Command line argument: -Dcatalina.home=D:\CacLopFPT\Ki5_SE1902\SWP\Restaurant_Management_System\tomcat\apache-tomcat-10.1.40
19-Oct-2025 07:55:00.452 INFO [main] org.apache.catalina.startup.VersionLoggerListener.log Command line argument: -Djava.io.tmpdir=D:\CacLopFPT\Ki5_SE1902\SWP\Restaurant_Management_System\tomcat\apache-tomcat-10.1.40\temp
19-Oct-2025 07:55:00.468 INFO [main] org.apache.catalina.core.AprLifecycleListener.lifecycleEvent Loaded Apache Tomcat Native library [2.0.8] using APR version [1.7.4].
19-Oct-2025 07:55:00.477 INFO [main] org.apache.catalina.core.AprLifecycleListener.initializeSSL OpenSSL successfully initialized [OpenSSL 3.0.14 4 Jun 2024]
19-Oct-2025 07:55:00.727 INFO [main] org.apache.coyote.AbstractProtocol.init Initializing ProtocolHandler ["http-nio-8080"]
19-Oct-2025 07:55:00.747 INFO [main] org.apache.catalina.startup.Catalina.load Server initialization in [520] milliseconds
19-Oct-2025 07:55:00.797 INFO [main] org.apache.catalina.core.StandardService.startInternal Starting service [Catalina]
19-Oct-2025 07:55:00.797 INFO [main] org.apache.catalina.core.StandardEngine.startInternal Starting Servlet engine: [Apache Tomcat/10.1.40]
19-Oct-2025 07:55:00.807 INFO [main] org.apache.catalina.startup.HostConfig.deployDescriptor Deploying deployment descriptor [D:\CacLopFPT\Ki5_SE1902\SWP\Restaurant_Management_System\tomcat\apache-tomcat-10.1.40\conf\Catalina\localhost\RestaurantManagementSystem.xml]
19-Oct-2025 07:55:00.818 WARNING [main] org.apache.catalina.startup.HostConfig.deployDescriptor The path attribute with value [/RestaurantManagementSystem] in deployment descriptor [D:\CacLopFPT\Ki5_SE1902\SWP\Restaurant_Management_System\tomcat\apache-tomcat-10.1.40\conf\Catalina\localhost\RestaurantManagementSystem.xml] has been ignored
19-Oct-2025 07:55:02.348 INFO [main] org.apache.jasper.servlet.TldScanner.scanJars At least one JAR was scanned for TLDs yet contained no TLDs. Enable debug logging for this logger for a complete list of JARs that were scanned but no TLDs were found in them. Skipping unneeded JARs during scanning can improve startup time and JSP compilation time.
19-Oct-2025 07:55:02.567 WARNING [main] org.apache.catalina.util.SessionIdGeneratorBase.createSecureRandom Creation of SecureRandom instance for session ID generation using [SHA1PRNG] took [187] milliseconds.
19-Oct-2025 07:55:02.603 INFO [main] org.apache.catalina.startup.HostConfig.deployDescriptor Deployment of deployment descriptor [D:\CacLopFPT\Ki5_SE1902\SWP\Restaurant_Management_System\tomcat\apache-tomcat-10.1.40\conf\Catalina\localhost\RestaurantManagementSystem.xml] has finished in [1,796] ms
19-Oct-2025 07:55:02.603 INFO [main] org.apache.catalina.startup.HostConfig.deployDescriptor Deploying deployment descriptor [D:\CacLopFPT\Ki5_SE1902\SWP\Restaurant_Management_System\tomcat\apache-tomcat-10.1.40\conf\Catalina\localhost\SWP391_RMS.xml]
19-Oct-2025 07:55:02.603 WARNING [main] org.apache.catalina.startup.HostConfig.deployDescriptor The path attribute with value [/SWP391_RMS] in deployment descriptor [D:\CacLopFPT\Ki5_SE1902\SWP\Restaurant_Management_System\tomcat\apache-tomcat-10.1.40\conf\Catalina\localhost\SWP391_RMS.xml] has been ignored
19-Oct-2025 07:55:03.822 INFO [main] org.apache.jasper.servlet.TldScanner.scanJars At least one JAR was scanned for TLDs yet contained no TLDs. Enable debug logging for this logger for a complete list of JARs that were scanned but no TLDs were found in them. Skipping unneeded JARs during scanning can improve startup time and JSP compilation time.
19-Oct-2025 07:55:03.837 INFO [main] org.apache.catalina.startup.HostConfig.deployDescriptor Deployment of deployment descriptor [D:\CacLopFPT\Ki5_SE1902\SWP\Restaurant_Management_System\tomcat\apache-tomcat-10.1.40\conf\Catalina\localhost\SWP391_RMS.xml] has finished in [1,234] ms
19-Oct-2025 07:55:03.837 INFO [main] org.apache.catalina.startup.HostConfig.deployDirectory Deploying web application directory [D:\CacLopFPT\Ki5_SE1902\SWP\Restaurant_Management_System\tomcat\apache-tomcat-10.1.40\webapps\docs]
19-Oct-2025 07:55:03.867 INFO [main] org.apache.catalina.startup.HostConfig.deployDirectory Deployment of web application directory [D:\CacLopFPT\Ki5_SE1902\SWP\Restaurant_Management_System\tomcat\apache-tomcat-10.1.40\webapps\docs] has finished in [30] ms
19-Oct-2025 07:55:03.867 INFO [main] org.apache.catalina.startup.HostConfig.deployDirectory Deploying web application directory [D:\CacLopFPT\Ki5_SE1902\SWP\Restaurant_Management_System\tomcat\apache-tomcat-10.1.40\webapps\examples]
19-Oct-2025 07:55:04.168 INFO [main] org.apache.catalina.startup.HostConfig.deployDirectory Deployment of web application directory [D:\CacLopFPT\Ki5_SE1902\SWP\Restaurant_Management_System\tomcat\apache-tomcat-10.1.40\webapps\examples] has finished in [301] ms
19-Oct-2025 07:55:04.168 INFO [main] org.apache.catalina.startup.HostConfig.deployDirectory Deploying web application directory [D:\CacLopFPT\Ki5_SE1902\SWP\Restaurant_Management_System\tomcat\apache-tomcat-10.1.40\webapps\host-manager]
19-Oct-2025 07:55:04.202 INFO [main] org.apache.catalina.startup.HostConfig.deployDirectory Deployment of web application directory [D:\CacLopFPT\Ki5_SE1902\SWP\Restaurant_Management_System\tomcat\apache-tomcat-10.1.40\webapps\host-manager] has finished in [34] ms
19-Oct-2025 07:55:04.202 INFO [main] org.apache.catalina.startup.HostConfig.deployDirectory Deploying web application directory [D:\CacLopFPT\Ki5_SE1902\SWP\Restaurant_Management_System\tomcat\apache-tomcat-10.1.40\webapps\manager]
19-Oct-2025 07:55:04.238 INFO [main] org.apache.catalina.startup.HostConfig.deployDirectory Deployment of web application directory [D:\CacLopFPT\Ki5_SE1902\SWP\Restaurant_Management_System\tomcat\apache-tomcat-10.1.40\webapps\manager] has finished in [36] ms
19-Oct-2025 07:55:04.238 INFO [main] org.apache.catalina.startup.HostConfig.deployDirectory Deploying web application directory [D:\CacLopFPT\Ki5_SE1902\SWP\Restaurant_Management_System\tomcat\apache-tomcat-10.1.40\webapps\ROOT]
19-Oct-2025 07:55:04.258 INFO [main] org.apache.catalina.startup.HostConfig.deployDirectory Deployment of web application directory [D:\CacLopFPT\Ki5_SE1902\SWP\Restaurant_Management_System\tomcat\apache-tomcat-10.1.40\webapps\ROOT] has finished in [20] ms
19-Oct-2025 07:55:04.263 INFO [main] org.apache.coyote.AbstractProtocol.start Starting ProtocolHandler ["http-nio-8080"]
19-Oct-2025 07:55:04.452 INFO [main] org.apache.catalina.startup.Catalina.start Server startup in [3700] milliseconds
19-Oct-2025 07:55:05.119 INFO [http-nio-8080-exec-7] org.apache.catalina.startup.HostConfig.undeploy Undeploying context [/SWP391_RMS]
19-Oct-2025 07:55:05.151 INFO [http-nio-8080-exec-10] org.apache.catalina.startup.HostConfig.deployDescriptor Deploying deployment descriptor [D:\CacLopFPT\Ki5_SE1902\SWP\Restaurant_Management_System\tomcat\apache-tomcat-10.1.40\conf\Catalina\localhost\SWP391_RMS.xml]
19-Oct-2025 07:55:05.151 WARNING [http-nio-8080-exec-10] org.apache.catalina.startup.HostConfig.deployDescriptor The path attribute with value [/SWP391_RMS] in deployment descriptor [D:\CacLopFPT\Ki5_SE1902\SWP\Restaurant_Management_System\tomcat\apache-tomcat-10.1.40\conf\Catalina\localhost\SWP391_RMS.xml] has been ignored
19-Oct-2025 07:55:06.022 INFO [http-nio-8080-exec-10] org.apache.jasper.servlet.TldScanner.scanJars At least one JAR was scanned for TLDs yet contained no TLDs. Enable debug logging for this logger for a complete list of JARs that were scanned but no TLDs were found in them. Skipping unneeded JARs during scanning can improve startup time and JSP compilation time.
19-Oct-2025 07:55:06.047 INFO [http-nio-8080-exec-10] org.apache.catalina.startup.HostConfig.deployDescriptor Deployment of deployment descriptor [D:\CacLopFPT\Ki5_SE1902\SWP\Restaurant_Management_System\tomcat\apache-tomcat-10.1.40\conf\Catalina\localhost\SWP391_RMS.xml] has finished in [896] ms
19-Oct-2025 07:55:06.047 INFO [http-nio-8080-exec-9] org.apache.catalina.util.LifecycleBase.start The start() method was called on component [StandardEngine[Catalina].StandardHost[localhost].StandardContext[/SWP391_RMS]] after start() had already been called. The second call will be ignored.
19-Oct-2025 07:57:14.320 INFO [main] org.apache.catalina.core.StandardServer.await A valid shutdown command was received via the shutdown port. Stopping the Server instance.
19-Oct-2025 07:57:14.320 INFO [main] org.apache.coyote.AbstractProtocol.pause Pausing ProtocolHandler ["http-nio-8080"]
19-Oct-2025 07:57:14.527 INFO [main] org.apache.catalina.core.StandardService.stopInternal Stopping service [Catalina]
19-Oct-2025 07:57:14.590 WARNING [main] org.apache.catalina.loader.WebappClassLoaderBase.clearReferencesJdbc The web application [SWP391_RMS] registered the JDBC driver [com.microsoft.sqlserver.jdbc.SQLServerDriver] but failed to unregister it when the web application was stopped. To prevent a memory leak, the JDBC Driver has been forcibly unregistered.
19-Oct-2025 07:57:14.598 INFO [main] org.apache.coyote.AbstractProtocol.stop Stopping ProtocolHandler ["http-nio-8080"]
19-Oct-2025 07:57:14.603 INFO [main] org.apache.coyote.AbstractProtocol.destroy Destroying ProtocolHandler ["http-nio-8080"]
19-Oct-2025 07:57:17.557 INFO [main] org.apache.catalina.startup.VersionLoggerListener.log Server version name:   Apache Tomcat/10.1.40
19-Oct-2025 07:57:17.557 INFO [main] org.apache.catalina.startup.VersionLoggerListener.log Server built:          Apr 1 2025 17:20:53 UTC
19-Oct-2025 07:57:17.557 INFO [main] org.apache.catalina.startup.VersionLoggerListener.log Server version number: 10.1.40.0
19-Oct-2025 07:57:17.557 INFO [main] org.apache.catalina.startup.VersionLoggerListener.log OS Name:               Windows 11
19-Oct-2025 07:57:17.557 INFO [main] org.apache.catalina.startup.VersionLoggerListener.log OS Version:            10.0
19-Oct-2025 07:57:17.557 INFO [main] org.apache.catalina.startup.VersionLoggerListener.log Architecture:          amd64
19-Oct-2025 07:57:17.557 INFO [main] org.apache.catalina.startup.VersionLoggerListener.log Java Home:             C:\Program Files\Java\jdk-11
19-Oct-2025 07:57:17.557 INFO [main] org.apache.catalina.startup.VersionLoggerListener.log JVM Version:           11.0.27+8-LTS-232
19-Oct-2025 07:57:17.557 INFO [main] org.apache.catalina.startup.VersionLoggerListener.log JVM Vendor:            Oracle Corporation
19-Oct-2025 07:57:17.557 INFO [main] org.apache.catalina.startup.VersionLoggerListener.log CATALINA_BASE:         D:\CacLopFPT\Ki5_SE1902\SWP\Restaurant_Management_System\tomcat\apache-tomcat-10.1.40
19-Oct-2025 07:57:17.557 INFO [main] org.apache.catalina.startup.VersionLoggerListener.log CATALINA_HOME:         D:\CacLopFPT\Ki5_SE1902\SWP\Restaurant_Management_System\tomcat\apache-tomcat-10.1.40
19-Oct-2025 07:57:17.572 INFO [main] org.apache.catalina.startup.VersionLoggerListener.log Command line argument: -Djava.util.logging.config.file=D:\CacLopFPT\Ki5_SE1902\SWP\Restaurant_Management_System\tomcat\apache-tomcat-10.1.40\conf\logging.properties
19-Oct-2025 07:57:17.572 INFO [main] org.apache.catalina.startup.VersionLoggerListener.log Command line argument: -Djava.util.logging.manager=org.apache.juli.ClassLoaderLogManager
19-Oct-2025 07:57:17.572 INFO [main] org.apache.catalina.startup.VersionLoggerListener.log Command line argument: -Dhttp.nonProxyHosts=localhost|127.0.0.1|LAPTOP-7ND2K2DN
19-Oct-2025 07:57:17.572 INFO [main] org.apache.catalina.startup.VersionLoggerListener.log Command line argument: -Djdk.tls.ephemeralDHKeySize=2048
19-Oct-2025 07:57:17.572 INFO [main] org.apache.catalina.startup.VersionLoggerListener.log Command line argument: -Djava.protocol.handler.pkgs=org.apache.catalina.webresources
19-Oct-2025 07:57:17.572 INFO [main] org.apache.catalina.startup.VersionLoggerListener.log Command line argument: -Dsun.io.useCanonCaches=false
19-Oct-2025 07:57:17.572 INFO [main] org.apache.catalina.startup.VersionLoggerListener.log Command line argument: --add-opens=java.base/java.lang=ALL-UNNAMED
19-Oct-2025 07:57:17.572 INFO [main] org.apache.catalina.startup.VersionLoggerListener.log Command line argument: --add-opens=java.base/java.lang.reflect=ALL-UNNAMED
19-Oct-2025 07:57:17.572 INFO [main] org.apache.catalina.startup.VersionLoggerListener.log Command line argument: --add-opens=java.base/java.io=ALL-UNNAMED
19-Oct-2025 07:57:17.572 INFO [main] org.apache.catalina.startup.VersionLoggerListener.log Command line argument: --add-opens=java.base/java.util=ALL-UNNAMED
19-Oct-2025 07:57:17.572 INFO [main] org.apache.catalina.startup.VersionLoggerListener.log Command line argument: --add-opens=java.base/java.util.concurrent=ALL-UNNAMED
19-Oct-2025 07:57:17.572 INFO [main] org.apache.catalina.startup.VersionLoggerListener.log Command line argument: --add-opens=java.rmi/sun.rmi.transport=ALL-UNNAMED
19-Oct-2025 07:57:17.572 INFO [main] org.apache.catalina.startup.VersionLoggerListener.log Command line argument: -agentlib:jdwp=transport=dt_shmem,address=tomcat_shared_memory_id,server=y,suspend=n
19-Oct-2025 07:57:17.572 INFO [main] org.apache.catalina.startup.VersionLoggerListener.log Command line argument: -Dcatalina.base=D:\CacLopFPT\Ki5_SE1902\SWP\Restaurant_Management_System\tomcat\apache-tomcat-10.1.40
19-Oct-2025 07:57:17.572 INFO [main] org.apache.catalina.startup.VersionLoggerListener.log Command line argument: -Dcatalina.home=D:\CacLopFPT\Ki5_SE1902\SWP\Restaurant_Management_System\tomcat\apache-tomcat-10.1.40
19-Oct-2025 07:57:17.582 INFO [main] org.apache.catalina.startup.VersionLoggerListener.log Command line argument: -Djava.io.tmpdir=D:\CacLopFPT\Ki5_SE1902\SWP\Restaurant_Management_System\tomcat\apache-tomcat-10.1.40\temp
19-Oct-2025 07:57:17.582 INFO [main] org.apache.catalina.core.AprLifecycleListener.lifecycleEvent Loaded Apache Tomcat Native library [2.0.8] using APR version [1.7.4].
19-Oct-2025 07:57:17.587 INFO [main] org.apache.catalina.core.AprLifecycleListener.initializeSSL OpenSSL successfully initialized [OpenSSL 3.0.14 4 Jun 2024]
19-Oct-2025 07:57:17.868 INFO [main] org.apache.coyote.AbstractProtocol.init Initializing ProtocolHandler ["http-nio-8080"]
19-Oct-2025 07:57:17.899 INFO [main] org.apache.catalina.startup.Catalina.load Server initialization in [553] milliseconds
19-Oct-2025 07:57:17.948 INFO [main] org.apache.catalina.core.StandardService.startInternal Starting service [Catalina]
19-Oct-2025 07:57:17.948 INFO [main] org.apache.catalina.core.StandardEngine.startInternal Starting Servlet engine: [Apache Tomcat/10.1.40]
19-Oct-2025 07:57:17.962 INFO [main] org.apache.catalina.startup.HostConfig.deployDescriptor Deploying deployment descriptor [D:\CacLopFPT\Ki5_SE1902\SWP\Restaurant_Management_System\tomcat\apache-tomcat-10.1.40\conf\Catalina\localhost\RestaurantManagementSystem.xml]
19-Oct-2025 07:57:17.978 WARNING [main] org.apache.catalina.startup.HostConfig.deployDescriptor The path attribute with value [/RestaurantManagementSystem] in deployment descriptor [D:\CacLopFPT\Ki5_SE1902\SWP\Restaurant_Management_System\tomcat\apache-tomcat-10.1.40\conf\Catalina\localhost\RestaurantManagementSystem.xml] has been ignored
19-Oct-2025 07:57:19.527 INFO [main] org.apache.jasper.servlet.TldScanner.scanJars At least one JAR was scanned for TLDs yet contained no TLDs. Enable debug logging for this logger for a complete list of JARs that were scanned but no TLDs were found in them. Skipping unneeded JARs during scanning can improve startup time and JSP compilation time.
19-Oct-2025 07:57:19.737 WARNING [main] org.apache.catalina.util.SessionIdGeneratorBase.createSecureRandom Creation of SecureRandom instance for session ID generation using [SHA1PRNG] took [160] milliseconds.
19-Oct-2025 07:57:19.763 INFO [main] org.apache.catalina.startup.HostConfig.deployDescriptor Deployment of deployment descriptor [D:\CacLopFPT\Ki5_SE1902\SWP\Restaurant_Management_System\tomcat\apache-tomcat-10.1.40\conf\Catalina\localhost\RestaurantManagementSystem.xml] has finished in [1,806] ms
19-Oct-2025 07:57:19.763 INFO [main] org.apache.catalina.startup.HostConfig.deployDescriptor Deploying deployment descriptor [D:\CacLopFPT\Ki5_SE1902\SWP\Restaurant_Management_System\tomcat\apache-tomcat-10.1.40\conf\Catalina\localhost\SWP391_RMS.xml]
19-Oct-2025 07:57:19.763 WARNING [main] org.apache.catalina.startup.HostConfig.deployDescriptor The path attribute with value [/SWP391_RMS] in deployment descriptor [D:\CacLopFPT\Ki5_SE1902\SWP\Restaurant_Management_System\tomcat\apache-tomcat-10.1.40\conf\Catalina\localhost\SWP391_RMS.xml] has been ignored
19-Oct-2025 07:57:20.678 INFO [main] org.apache.jasper.servlet.TldScanner.scanJars At least one JAR was scanned for TLDs yet contained no TLDs. Enable debug logging for this logger for a complete list of JARs that were scanned but no TLDs were found in them. Skipping unneeded JARs during scanning can improve startup time and JSP compilation time.
19-Oct-2025 07:57:20.697 INFO [main] org.apache.catalina.startup.HostConfig.deployDescriptor Deployment of deployment descriptor [D:\CacLopFPT\Ki5_SE1902\SWP\Restaurant_Management_System\tomcat\apache-tomcat-10.1.40\conf\Catalina\localhost\SWP391_RMS.xml] has finished in [934] ms
19-Oct-2025 07:57:20.697 INFO [main] org.apache.catalina.startup.HostConfig.deployDirectory Deploying web application directory [D:\CacLopFPT\Ki5_SE1902\SWP\Restaurant_Management_System\tomcat\apache-tomcat-10.1.40\webapps\docs]
19-Oct-2025 07:57:20.728 INFO [main] org.apache.catalina.startup.HostConfig.deployDirectory Deployment of web application directory [D:\CacLopFPT\Ki5_SE1902\SWP\Restaurant_Management_System\tomcat\apache-tomcat-10.1.40\webapps\docs] has finished in [31] ms
19-Oct-2025 07:57:20.728 INFO [main] org.apache.catalina.startup.HostConfig.deployDirectory Deploying web application directory [D:\CacLopFPT\Ki5_SE1902\SWP\Restaurant_Management_System\tomcat\apache-tomcat-10.1.40\webapps\examples]
19-Oct-2025 07:57:20.973 INFO [main] org.apache.catalina.startup.HostConfig.deployDirectory Deployment of web application directory [D:\CacLopFPT\Ki5_SE1902\SWP\Restaurant_Management_System\tomcat\apache-tomcat-10.1.40\webapps\examples] has finished in [245] ms
19-Oct-2025 07:57:20.973 INFO [main] org.apache.catalina.startup.HostConfig.deployDirectory Deploying web application directory [D:\CacLopFPT\Ki5_SE1902\SWP\Restaurant_Management_System\tomcat\apache-tomcat-10.1.40\webapps\host-manager]
19-Oct-2025 07:57:21.003 INFO [main] org.apache.catalina.startup.HostConfig.deployDirectory Deployment of web application directory [D:\CacLopFPT\Ki5_SE1902\SWP\Restaurant_Management_System\tomcat\apache-tomcat-10.1.40\webapps\host-manager] has finished in [25] ms
19-Oct-2025 07:57:21.003 INFO [main] org.apache.catalina.startup.HostConfig.deployDirectory Deploying web application directory [D:\CacLopFPT\Ki5_SE1902\SWP\Restaurant_Management_System\tomcat\apache-tomcat-10.1.40\webapps\manager]
19-Oct-2025 07:57:21.027 INFO [main] org.apache.catalina.startup.HostConfig.deployDirectory Deployment of web application directory [D:\CacLopFPT\Ki5_SE1902\SWP\Restaurant_Management_System\tomcat\apache-tomcat-10.1.40\webapps\manager] has finished in [24] ms
19-Oct-2025 07:57:21.027 INFO [main] org.apache.catalina.startup.HostConfig.deployDirectory Deploying web application directory [D:\CacLopFPT\Ki5_SE1902\SWP\Restaurant_Management_System\tomcat\apache-tomcat-10.1.40\webapps\ROOT]
19-Oct-2025 07:57:21.047 INFO [main] org.apache.catalina.startup.HostConfig.deployDirectory Deployment of web application directory [D:\CacLopFPT\Ki5_SE1902\SWP\Restaurant_Management_System\tomcat\apache-tomcat-10.1.40\webapps\ROOT] has finished in [20] ms
19-Oct-2025 07:57:21.052 INFO [main] org.apache.coyote.AbstractProtocol.start Starting ProtocolHandler ["http-nio-8080"]
19-Oct-2025 07:57:21.227 INFO [main] org.apache.catalina.startup.Catalina.start Server startup in [3332] milliseconds
19-Oct-2025 07:57:23.028 INFO [http-nio-8080-exec-5] org.apache.catalina.startup.HostConfig.undeploy Undeploying context [/SWP391_RMS]
19-Oct-2025 07:57:23.053 INFO [http-nio-8080-exec-6] org.apache.catalina.startup.HostConfig.deployDescriptor Deploying deployment descriptor [D:\CacLopFPT\Ki5_SE1902\SWP\Restaurant_Management_System\tomcat\apache-tomcat-10.1.40\conf\Catalina\localhost\SWP391_RMS.xml]
19-Oct-2025 07:57:23.053 WARNING [http-nio-8080-exec-6] org.apache.catalina.startup.HostConfig.deployDescriptor The path attribute with value [/SWP391_RMS] in deployment descriptor [D:\CacLopFPT\Ki5_SE1902\SWP\Restaurant_Management_System\tomcat\apache-tomcat-10.1.40\conf\Catalina\localhost\SWP391_RMS.xml] has been ignored
19-Oct-2025 07:57:23.948 INFO [http-nio-8080-exec-6] org.apache.jasper.servlet.TldScanner.scanJars At least one JAR was scanned for TLDs yet contained no TLDs. Enable debug logging for this logger for a complete list of JARs that were scanned but no TLDs were found in them. Skipping unneeded JARs during scanning can improve startup time and JSP compilation time.
19-Oct-2025 07:57:23.980 INFO [http-nio-8080-exec-6] org.apache.catalina.startup.HostConfig.deployDescriptor Deployment of deployment descriptor [D:\CacLopFPT\Ki5_SE1902\SWP\Restaurant_Management_System\tomcat\apache-tomcat-10.1.40\conf\Catalina\localhost\SWP391_RMS.xml] has finished in [927] ms
19-Oct-2025 07:57:23.988 INFO [http-nio-8080-exec-9] org.apache.catalina.util.LifecycleBase.start The start() method was called on component [StandardEngine[Catalina].StandardHost[localhost].StandardContext[/SWP391_RMS]] after start() had already been called. The second call will be ignored.
19-Oct-2025 07:58:37.578 WARNING [http-nio-8080-exec-15] org.apache.catalina.loader.WebappClassLoaderBase.clearReferencesJdbc The web application [SWP391_RMS] registered the JDBC driver [com.microsoft.sqlserver.jdbc.SQLServerDriver] but failed to unregister it when the web application was stopped. To prevent a memory leak, the JDBC Driver has been forcibly unregistered.
19-Oct-2025 07:58:38.092 INFO [http-nio-8080-exec-15] org.apache.catalina.startup.HostConfig.undeploy Undeploying context [/SWP391_RMS]
19-Oct-2025 07:58:38.113 INFO [http-nio-8080-exec-2] org.apache.catalina.startup.HostConfig.deployDescriptor Deploying deployment descriptor [D:\CacLopFPT\Ki5_SE1902\SWP\Restaurant_Management_System\tomcat\apache-tomcat-10.1.40\conf\Catalina\localhost\SWP391_RMS.xml]
19-Oct-2025 07:58:38.113 WARNING [http-nio-8080-exec-2] org.apache.catalina.startup.HostConfig.deployDescriptor The path attribute with value [/SWP391_RMS] in deployment descriptor [D:\CacLopFPT\Ki5_SE1902\SWP\Restaurant_Management_System\tomcat\apache-tomcat-10.1.40\conf\Catalina\localhost\SWP391_RMS.xml] has been ignored
19-Oct-2025 07:58:39.110 INFO [http-nio-8080-exec-2] org.apache.jasper.servlet.TldScanner.scanJars At least one JAR was scanned for TLDs yet contained no TLDs. Enable debug logging for this logger for a complete list of JARs that were scanned but no TLDs were found in them. Skipping unneeded JARs during scanning can improve startup time and JSP compilation time.
19-Oct-2025 07:58:39.138 INFO [http-nio-8080-exec-2] org.apache.catalina.startup.HostConfig.deployDescriptor Deployment of deployment descriptor [D:\CacLopFPT\Ki5_SE1902\SWP\Restaurant_Management_System\tomcat\apache-tomcat-10.1.40\conf\Catalina\localhost\SWP391_RMS.xml] has finished in [1,025] ms
19-Oct-2025 07:58:39.142 INFO [http-nio-8080-exec-11] org.apache.catalina.util.LifecycleBase.start The start() method was called on component [StandardEngine[Catalina].StandardHost[localhost].StandardContext[/SWP391_RMS]] after start() had already been called. The second call will be ignored.
19-Oct-2025 08:11:47.865 INFO [http-nio-8080-exec-24] org.apache.catalina.core.StandardContext.reload Reloading Context with name [/SWP391_RMS] has started
19-Oct-2025 08:11:47.873 WARNING [http-nio-8080-exec-24] org.apache.catalina.loader.WebappClassLoaderBase.clearReferencesJdbc The web application [SWP391_RMS] registered the JDBC driver [com.microsoft.sqlserver.jdbc.SQLServerDriver] but failed to unregister it when the web application was stopped. To prevent a memory leak, the JDBC Driver has been forcibly unregistered.
19-Oct-2025 08:11:48.845 INFO [http-nio-8080-exec-24] org.apache.jasper.servlet.TldScanner.scanJars At least one JAR was scanned for TLDs yet contained no TLDs. Enable debug logging for this logger for a complete list of JARs that were scanned but no TLDs were found in them. Skipping unneeded JARs during scanning can improve startup time and JSP compilation time.
19-Oct-2025 08:11:48.874 INFO [http-nio-8080-exec-24] org.apache.catalina.core.StandardContext.reload Reloading Context with name [/SWP391_RMS] is completed
19-Oct-2025 08:11:50.032 INFO [http-nio-8080-exec-25] org.apache.catalina.core.StandardContext.reload Reloading Context with name [/SWP391_RMS] has started
19-Oct-2025 08:11:50.957 INFO [http-nio-8080-exec-25] org.apache.jasper.servlet.TldScanner.scanJars At least one JAR was scanned for TLDs yet contained no TLDs. Enable debug logging for this logger for a complete list of JARs that were scanned but no TLDs were found in them. Skipping unneeded JARs during scanning can improve startup time and JSP compilation time.
19-Oct-2025 08:11:50.971 INFO [http-nio-8080-exec-25] org.apache.catalina.core.StandardContext.reload Reloading Context with name [/SWP391_RMS] is completed
19-Oct-2025 08:11:51.321 INFO [http-nio-8080-exec-30] org.apache.catalina.core.StandardContext.reload Reloading Context with name [/SWP391_RMS] has started
19-Oct-2025 08:11:52.150 INFO [http-nio-8080-exec-30] org.apache.jasper.servlet.TldScanner.scanJars At least one JAR was scanned for TLDs yet contained no TLDs. Enable debug logging for this logger for a complete list of JARs that were scanned but no TLDs were found in them. Skipping unneeded JARs during scanning can improve startup time and JSP compilation time.
19-Oct-2025 08:11:52.169 INFO [http-nio-8080-exec-30] org.apache.catalina.core.StandardContext.reload Reloading Context with name [/SWP391_RMS] is completed
19-Oct-2025 08:15:03.536 INFO [http-nio-8080-exec-36] org.apache.catalina.core.StandardContext.reload Reloading Context with name [/SWP391_RMS] has started
19-Oct-2025 08:15:03.954 INFO [http-nio-8080-exec-36] org.apache.jasper.servlet.TldScanner.scanJars At least one JAR was scanned for TLDs yet contained no TLDs. Enable debug logging for this logger for a complete list of JARs that were scanned but no TLDs were found in them. Skipping unneeded JARs during scanning can improve startup time and JSP compilation time.
19-Oct-2025 08:15:03.962 INFO [http-nio-8080-exec-36] org.apache.catalina.core.StandardContext.reload Reloading Context with name [/SWP391_RMS] is completed
19-Oct-2025 08:16:08.138 INFO [http-nio-8080-exec-33] org.apache.catalina.core.StandardContext.reload Reloading Context with name [/SWP391_RMS] has started
19-Oct-2025 08:16:08.574 INFO [http-nio-8080-exec-33] org.apache.jasper.servlet.TldScanner.scanJars At least one JAR was scanned for TLDs yet contained no TLDs. Enable debug logging for this logger for a complete list of JARs that were scanned but no TLDs were found in them. Skipping unneeded JARs during scanning can improve startup time and JSP compilation time.
19-Oct-2025 08:16:08.580 INFO [http-nio-8080-exec-33] org.apache.catalina.core.StandardContext.reload Reloading Context with name [/SWP391_RMS] is completed
19-Oct-2025 08:17:07.286 INFO [http-nio-8080-exec-37] org.apache.catalina.core.StandardContext.reload Reloading Context with name [/SWP391_RMS] has started
19-Oct-2025 08:17:07.688 INFO [http-nio-8080-exec-37] org.apache.jasper.servlet.TldScanner.scanJars At least one JAR was scanned for TLDs yet contained no TLDs. Enable debug logging for this logger for a complete list of JARs that were scanned but no TLDs were found in them. Skipping unneeded JARs during scanning can improve startup time and JSP compilation time.
19-Oct-2025 08:17:07.694 INFO [http-nio-8080-exec-37] org.apache.catalina.core.StandardContext.reload Reloading Context with name [/SWP391_RMS] is completed
19-Oct-2025 08:17:46.218 INFO [http-nio-8080-exec-28] org.apache.catalina.core.StandardContext.reload Reloading Context with name [/SWP391_RMS] has started
19-Oct-2025 08:17:46.607 INFO [http-nio-8080-exec-28] org.apache.jasper.servlet.TldScanner.scanJars At least one JAR was scanned for TLDs yet contained no TLDs. Enable debug logging for this logger for a complete list of JARs that were scanned but no TLDs were found in them. Skipping unneeded JARs during scanning can improve startup time and JSP compilation time.
19-Oct-2025 08:17:46.612 INFO [http-nio-8080-exec-28] org.apache.catalina.core.StandardContext.reload Reloading Context with name [/SWP391_RMS] is completed
19-Oct-2025 08:18:21.110 INFO [http-nio-8080-exec-36] org.apache.catalina.core.StandardContext.reload Reloading Context with name [/SWP391_RMS] has started
19-Oct-2025 08:18:21.549 INFO [http-nio-8080-exec-36] org.apache.jasper.servlet.TldScanner.scanJars At least one JAR was scanned for TLDs yet contained no TLDs. Enable debug logging for this logger for a complete list of JARs that were scanned but no TLDs were found in them. Skipping unneeded JARs during scanning can improve startup time and JSP compilation time.
19-Oct-2025 08:18:21.555 INFO [http-nio-8080-exec-36] org.apache.catalina.core.StandardContext.reload Reloading Context with name [/SWP391_RMS] is completed
19-Oct-2025 08:20:53.897 INFO [http-nio-8080-exec-21] org.apache.catalina.core.StandardContext.reload Reloading Context with name [/SWP391_RMS] has started
19-Oct-2025 08:20:54.297 INFO [http-nio-8080-exec-21] org.apache.jasper.servlet.TldScanner.scanJars At least one JAR was scanned for TLDs yet contained no TLDs. Enable debug logging for this logger for a complete list of JARs that were scanned but no TLDs were found in them. Skipping unneeded JARs during scanning can improve startup time and JSP compilation time.
19-Oct-2025 08:20:54.301 INFO [http-nio-8080-exec-21] org.apache.catalina.core.StandardContext.reload Reloading Context with name [/SWP391_RMS] is completed
19-Oct-2025 08:21:54.084 WARNING [http-nio-8080-exec-46] org.apache.catalina.loader.WebappClassLoaderBase.clearReferencesJdbc The web application [SWP391_RMS] registered the JDBC driver [com.microsoft.sqlserver.jdbc.SQLServerDriver] but failed to unregister it when the web application was stopped. To prevent a memory leak, the JDBC Driver has been forcibly unregistered.
19-Oct-2025 08:21:54.590 INFO [http-nio-8080-exec-46] org.apache.catalina.startup.HostConfig.undeploy Undeploying context [/SWP391_RMS]
19-Oct-2025 08:22:02.844 INFO [http-nio-8080-exec-28] org.apache.catalina.startup.HostConfig.deployDescriptor Deploying deployment descriptor [D:\CacLopFPT\Ki5_SE1902\SWP\Restaurant_Management_System\tomcat\apache-tomcat-10.1.40\conf\Catalina\localhost\SWP391_RMS.xml]
19-Oct-2025 08:22:02.844 WARNING [http-nio-8080-exec-28] org.apache.catalina.startup.HostConfig.deployDescriptor The path attribute with value [/SWP391_RMS] in deployment descriptor [D:\CacLopFPT\Ki5_SE1902\SWP\Restaurant_Management_System\tomcat\apache-tomcat-10.1.40\conf\Catalina\localhost\SWP391_RMS.xml] has been ignored
19-Oct-2025 08:22:03.831 INFO [http-nio-8080-exec-28] org.apache.jasper.servlet.TldScanner.scanJars At least one JAR was scanned for TLDs yet contained no TLDs. Enable debug logging for this logger for a complete list of JARs that were scanned but no TLDs were found in them. Skipping unneeded JARs during scanning can improve startup time and JSP compilation time.
19-Oct-2025 08:22:03.846 INFO [http-nio-8080-exec-28] org.apache.catalina.startup.HostConfig.deployDescriptor Deployment of deployment descriptor [D:\CacLopFPT\Ki5_SE1902\SWP\Restaurant_Management_System\tomcat\apache-tomcat-10.1.40\conf\Catalina\localhost\SWP391_RMS.xml] has finished in [1,002] ms
19-Oct-2025 08:22:03.850 INFO [http-nio-8080-exec-40] org.apache.catalina.util.LifecycleBase.start The start() method was called on component [StandardEngine[Catalina].StandardHost[localhost].StandardContext[/SWP391_RMS]] after start() had already been called. The second call will be ignored.
19-Oct-2025 08:23:22.534 WARNING [http-nio-8080-exec-53] org.apache.catalina.loader.WebappClassLoaderBase.clearReferencesJdbc The web application [SWP391_RMS] registered the JDBC driver [com.microsoft.sqlserver.jdbc.SQLServerDriver] but failed to unregister it when the web application was stopped. To prevent a memory leak, the JDBC Driver has been forcibly unregistered.
19-Oct-2025 08:23:23.040 INFO [http-nio-8080-exec-53] org.apache.catalina.startup.HostConfig.undeploy Undeploying context [/SWP391_RMS]
19-Oct-2025 08:23:23.059 INFO [http-nio-8080-exec-51] org.apache.catalina.startup.HostConfig.deployDescriptor Deploying deployment descriptor [D:\CacLopFPT\Ki5_SE1902\SWP\Restaurant_Management_System\tomcat\apache-tomcat-10.1.40\conf\Catalina\localhost\SWP391_RMS.xml]
19-Oct-2025 08:23:23.059 WARNING [http-nio-8080-exec-51] org.apache.catalina.startup.HostConfig.deployDescriptor The path attribute with value [/SWP391_RMS] in deployment descriptor [D:\CacLopFPT\Ki5_SE1902\SWP\Restaurant_Management_System\tomcat\apache-tomcat-10.1.40\conf\Catalina\localhost\SWP391_RMS.xml] has been ignored
19-Oct-2025 08:23:23.444 INFO [http-nio-8080-exec-51] org.apache.jasper.servlet.TldScanner.scanJars At least one JAR was scanned for TLDs yet contained no TLDs. Enable debug logging for this logger for a complete list of JARs that were scanned but no TLDs were found in them. Skipping unneeded JARs during scanning can improve startup time and JSP compilation time.
19-Oct-2025 08:23:23.454 INFO [http-nio-8080-exec-51] org.apache.catalina.startup.HostConfig.deployDescriptor Deployment of deployment descriptor [D:\CacLopFPT\Ki5_SE1902\SWP\Restaurant_Management_System\tomcat\apache-tomcat-10.1.40\conf\Catalina\localhost\SWP391_RMS.xml] has finished in [395] ms
19-Oct-2025 08:23:23.454 INFO [http-nio-8080-exec-49] org.apache.catalina.util.LifecycleBase.start The start() method was called on component [StandardEngine[Catalina].StandardHost[localhost].StandardContext[/SWP391_RMS]] after start() had already been called. The second call will be ignored.
19-Oct-2025 08:34:13.382 INFO [http-nio-8080-exec-58] org.apache.catalina.core.StandardWrapper.unload Waiting for [1] instance(s) to be deallocated for Servlet [EmployeeServlet]
19-Oct-2025 08:34:14.483 INFO [http-nio-8080-exec-58] org.apache.catalina.core.StandardWrapper.unload Waiting for [1] instance(s) to be deallocated for Servlet [EmployeeServlet]
19-Oct-2025 08:34:15.582 INFO [http-nio-8080-exec-58] org.apache.catalina.core.StandardWrapper.unload Waiting for [1] instance(s) to be deallocated for Servlet [EmployeeServlet]
19-Oct-2025 08:34:15.692 WARNING [http-nio-8080-exec-58] org.apache.catalina.loader.WebappClassLoaderBase.clearReferencesJdbc The web application [SWP391_RMS] registered the JDBC driver [com.microsoft.sqlserver.jdbc.SQLServerDriver] but failed to unregister it when the web application was stopped. To prevent a memory leak, the JDBC Driver has been forcibly unregistered.
19-Oct-2025 08:34:15.692 WARNING [http-nio-8080-exec-58] org.apache.catalina.loader.WebappClassLoaderBase.clearReferencesThreads The web application [SWP391_RMS] is still processing a request that has yet to finish. This is very likely to create a memory leak. You can control the time allowed for requests to finish by using the unloadDelay attribute of the standard Context implementation. Stack trace of request processing thread:[
 controller.EmployeeServlet.doPost(EmployeeServlet.java:194)
 jakarta.servlet.http.HttpServlet.service(HttpServlet.java:590)
 jakarta.servlet.http.HttpServlet.service(HttpServlet.java:658)
 org.apache.catalina.core.ApplicationFilterChain.internalDoFilter(ApplicationFilterChain.java:195)
 org.apache.catalina.core.ApplicationFilterChain.doFilter(ApplicationFilterChain.java:140)
 org.apache.tomcat.websocket.server.WsFilter.doFilter(WsFilter.java:51)
 org.apache.catalina.core.ApplicationFilterChain.internalDoFilter(ApplicationFilterChain.java:164)
 org.apache.catalina.core.ApplicationFilterChain.doFilter(ApplicationFilterChain.java:140)
 org.apache.catalina.core.StandardWrapperValve.invoke(StandardWrapperValve.java:167)
 org.apache.catalina.core.StandardContextValve.invoke(StandardContextValve.java:90)
 org.apache.catalina.authenticator.AuthenticatorBase.invoke(AuthenticatorBase.java:483)
 org.apache.catalina.core.StandardHostValve.invoke(StandardHostValve.java:116)
 org.apache.catalina.valves.ErrorReportValve.invoke(ErrorReportValve.java:93)
 org.apache.catalina.valves.AbstractAccessLogValve.invoke(AbstractAccessLogValve.java:666)
 org.apache.catalina.core.StandardEngineValve.invoke(StandardEngineValve.java:74)
 org.apache.catalina.connector.CoyoteAdapter.service(CoyoteAdapter.java:344)
 org.apache.coyote.http11.Http11Processor.service(Http11Processor.java:398)
 org.apache.coyote.AbstractProcessorLight.process(AbstractProcessorLight.java:63)
 org.apache.coyote.AbstractProtocol$ConnectionHandler.process(AbstractProtocol.java:903)
 org.apache.tomcat.util.net.NioEndpoint$SocketProcessor.doRun(NioEndpoint.java:1740)
 org.apache.tomcat.util.net.SocketProcessorBase.run(SocketProcessorBase.java:52)
 org.apache.tomcat.util.threads.ThreadPoolExecutor.runWorker(ThreadPoolExecutor.java:1189)
 org.apache.tomcat.util.threads.ThreadPoolExecutor$Worker.run(ThreadPoolExecutor.java:658)
 org.apache.tomcat.util.threads.TaskThread$WrappingRunnable.run(TaskThread.java:63)
 java.base@11.0.27/java.lang.Thread.run(Thread.java:834)]
19-Oct-2025 08:34:16.194 INFO [http-nio-8080-exec-58] org.apache.catalina.startup.HostConfig.undeploy Undeploying context [/SWP391_RMS]
19-Oct-2025 08:43:44.718 INFO [http-nio-8080-exec-72] org.apache.catalina.startup.HostConfig.deployDescriptor Deploying deployment descriptor [D:\CacLopFPT\Ki5_SE1902\SWP\Restaurant_Management_System\tomcat\apache-tomcat-10.1.40\conf\Catalina\localhost\SWP391_RMS.xml]
19-Oct-2025 08:43:44.718 WARNING [http-nio-8080-exec-72] org.apache.catalina.startup.HostConfig.deployDescriptor The path attribute with value [/SWP391_RMS] in deployment descriptor [D:\CacLopFPT\Ki5_SE1902\SWP\Restaurant_Management_System\tomcat\apache-tomcat-10.1.40\conf\Catalina\localhost\SWP391_RMS.xml] has been ignored
19-Oct-2025 08:43:45.113 INFO [http-nio-8080-exec-72] org.apache.jasper.servlet.TldScanner.scanJars At least one JAR was scanned for TLDs yet contained no TLDs. Enable debug logging for this logger for a complete list of JARs that were scanned but no TLDs were found in them. Skipping unneeded JARs during scanning can improve startup time and JSP compilation time.
19-Oct-2025 08:43:45.113 INFO [http-nio-8080-exec-72] org.apache.catalina.startup.HostConfig.deployDescriptor Deployment of deployment descriptor [D:\CacLopFPT\Ki5_SE1902\SWP\Restaurant_Management_System\tomcat\apache-tomcat-10.1.40\conf\Catalina\localhost\SWP391_RMS.xml] has finished in [395] ms
19-Oct-2025 08:43:45.113 INFO [http-nio-8080-exec-73] org.apache.catalina.util.LifecycleBase.start The start() method was called on component [StandardEngine[Catalina].StandardHost[localhost].StandardContext[/SWP391_RMS]] after start() had already been called. The second call will be ignored.
19-Oct-2025 08:45:42.486 WARNING [http-nio-8080-exec-68] org.apache.catalina.loader.WebappClassLoaderBase.clearReferencesJdbc The web application [SWP391_RMS] registered the JDBC driver [com.microsoft.sqlserver.jdbc.SQLServerDriver] but failed to unregister it when the web application was stopped. To prevent a memory leak, the JDBC Driver has been forcibly unregistered.
19-Oct-2025 08:45:42.989 INFO [http-nio-8080-exec-68] org.apache.catalina.startup.HostConfig.undeploy Undeploying context [/SWP391_RMS]
19-Oct-2025 08:45:43.004 INFO [http-nio-8080-exec-69] org.apache.catalina.startup.HostConfig.deployDescriptor Deploying deployment descriptor [D:\CacLopFPT\Ki5_SE1902\SWP\Restaurant_Management_System\tomcat\apache-tomcat-10.1.40\conf\Catalina\localhost\SWP391_RMS.xml]
19-Oct-2025 08:45:43.005 WARNING [http-nio-8080-exec-69] org.apache.catalina.startup.HostConfig.deployDescriptor The path attribute with value [/SWP391_RMS] in deployment descriptor [D:\CacLopFPT\Ki5_SE1902\SWP\Restaurant_Management_System\tomcat\apache-tomcat-10.1.40\conf\Catalina\localhost\SWP391_RMS.xml] has been ignored
19-Oct-2025 08:45:43.432 INFO [http-nio-8080-exec-69] org.apache.jasper.servlet.TldScanner.scanJars At least one JAR was scanned for TLDs yet contained no TLDs. Enable debug logging for this logger for a complete list of JARs that were scanned but no TLDs were found in them. Skipping unneeded JARs during scanning can improve startup time and JSP compilation time.
19-Oct-2025 08:45:43.438 INFO [http-nio-8080-exec-69] org.apache.catalina.startup.HostConfig.deployDescriptor Deployment of deployment descriptor [D:\CacLopFPT\Ki5_SE1902\SWP\Restaurant_Management_System\tomcat\apache-tomcat-10.1.40\conf\Catalina\localhost\SWP391_RMS.xml] has finished in [434] ms
19-Oct-2025 08:45:43.441 INFO [http-nio-8080-exec-67] org.apache.catalina.util.LifecycleBase.start The start() method was called on component [StandardEngine[Catalina].StandardHost[localhost].StandardContext[/SWP391_RMS]] after start() had already been called. The second call will be ignored.
19-Oct-2025 08:46:35.284 INFO [http-nio-8080-exec-76] org.apache.catalina.core.StandardContext.reload Reloading Context with name [/SWP391_RMS] has started
19-Oct-2025 08:46:35.706 INFO [http-nio-8080-exec-76] org.apache.jasper.servlet.TldScanner.scanJars At least one JAR was scanned for TLDs yet contained no TLDs. Enable debug logging for this logger for a complete list of JARs that were scanned but no TLDs were found in them. Skipping unneeded JARs during scanning can improve startup time and JSP compilation time.
19-Oct-2025 08:46:35.712 INFO [http-nio-8080-exec-76] org.apache.catalina.core.StandardContext.reload Reloading Context with name [/SWP391_RMS] is completed
19-Oct-2025 08:46:41.129 SEVERE [http-nio-8080-exec-78] dao.EmployeeDAO.getAll null
	com.microsoft.sqlserver.jdbc.SQLServerException: Incorrect syntax near the keyword 'ORDER'.
		at com.microsoft.sqlserver.jdbc.SQLServerException.makeFromDatabaseError(SQLServerException.java:270)
		at com.microsoft.sqlserver.jdbc.SQLServerStatement.getNextResult(SQLServerStatement.java:1778)
		at com.microsoft.sqlserver.jdbc.SQLServerPreparedStatement.doExecutePreparedStatement(SQLServerPreparedStatement.java:703)
		at com.microsoft.sqlserver.jdbc.SQLServerPreparedStatement$PrepStmtExecCmd.doExecute(SQLServerPreparedStatement.java:622)
		at com.microsoft.sqlserver.jdbc.TDSCommand.execute(IOBuffer.java:7775)
		at com.microsoft.sqlserver.jdbc.SQLServerConnection.executeCommand(SQLServerConnection.java:4408)
		at com.microsoft.sqlserver.jdbc.SQLServerStatement.executeCommand(SQLServerStatement.java:293)
		at com.microsoft.sqlserver.jdbc.SQLServerStatement.executeStatement(SQLServerStatement.java:263)
		at com.microsoft.sqlserver.jdbc.SQLServerPreparedStatement.executeQuery(SQLServerPreparedStatement.java:537)
		at db.DBContext.executeSelectionQuery(DBContext.java:45)
		at dao.EmployeeDAO.getAll(EmployeeDAO.java:112)
		at controller.EmployeeServlet.doGet(EmployeeServlet.java:105)
		at jakarta.servlet.http.HttpServlet.service(HttpServlet.java:564)
		at jakarta.servlet.http.HttpServlet.service(HttpServlet.java:658)
		at org.apache.catalina.core.ApplicationFilterChain.internalDoFilter(ApplicationFilterChain.java:195)
		at org.apache.catalina.core.ApplicationFilterChain.doFilter(ApplicationFilterChain.java:140)
		at org.apache.tomcat.websocket.server.WsFilter.doFilter(WsFilter.java:51)
		at org.apache.catalina.core.ApplicationFilterChain.internalDoFilter(ApplicationFilterChain.java:164)
		at org.apache.catalina.core.ApplicationFilterChain.doFilter(ApplicationFilterChain.java:140)
		at org.apache.catalina.core.StandardWrapperValve.invoke(StandardWrapperValve.java:167)
		at org.apache.catalina.core.StandardContextValve.invoke(StandardContextValve.java:90)
		at org.apache.catalina.authenticator.AuthenticatorBase.invoke(AuthenticatorBase.java:483)
		at org.apache.catalina.core.StandardHostValve.invoke(StandardHostValve.java:116)
		at org.apache.catalina.valves.ErrorReportValve.invoke(ErrorReportValve.java:93)
		at org.apache.catalina.valves.AbstractAccessLogValve.invoke(AbstractAccessLogValve.java:666)
		at org.apache.catalina.core.StandardEngineValve.invoke(StandardEngineValve.java:74)
		at org.apache.catalina.connector.CoyoteAdapter.service(CoyoteAdapter.java:344)
		at org.apache.coyote.http11.Http11Processor.service(Http11Processor.java:398)
		at org.apache.coyote.AbstractProcessorLight.process(AbstractProcessorLight.java:63)
		at org.apache.coyote.AbstractProtocol$ConnectionHandler.process(AbstractProtocol.java:903)
		at org.apache.tomcat.util.net.NioEndpoint$SocketProcessor.doRun(NioEndpoint.java:1740)
		at org.apache.tomcat.util.net.SocketProcessorBase.run(SocketProcessorBase.java:52)
		at org.apache.tomcat.util.threads.ThreadPoolExecutor.runWorker(ThreadPoolExecutor.java:1189)
		at org.apache.tomcat.util.threads.ThreadPoolExecutor$Worker.run(ThreadPoolExecutor.java:658)
		at org.apache.tomcat.util.threads.TaskThread$WrappingRunnable.run(TaskThread.java:63)
		at java.base/java.lang.Thread.run(Thread.java:834)
19-Oct-2025 08:47:24.475 INFO [http-nio-8080-exec-73] org.apache.catalina.core.StandardContext.reload Reloading Context with name [/SWP391_RMS] has started
19-Oct-2025 08:47:24.479 WARNING [http-nio-8080-exec-73] org.apache.catalina.loader.WebappClassLoaderBase.clearReferencesJdbc The web application [SWP391_RMS] registered the JDBC driver [com.microsoft.sqlserver.jdbc.SQLServerDriver] but failed to unregister it when the web application was stopped. To prevent a memory leak, the JDBC Driver has been forcibly unregistered.
19-Oct-2025 08:47:24.885 INFO [http-nio-8080-exec-73] org.apache.jasper.servlet.TldScanner.scanJars At least one JAR was scanned for TLDs yet contained no TLDs. Enable debug logging for this logger for a complete list of JARs that were scanned but no TLDs were found in them. Skipping unneeded JARs during scanning can improve startup time and JSP compilation time.
19-Oct-2025 08:47:24.894 INFO [http-nio-8080-exec-73] org.apache.catalina.core.StandardContext.reload Reloading Context with name [/SWP391_RMS] is completed
