16-Oct-2025 19:50:01.041 INFO [main] org.apache.catalina.startup.VersionLoggerListener.log Server version name:   Apache Tomcat/10.1.40
16-Oct-2025 19:50:01.041 INFO [main] org.apache.catalina.startup.VersionLoggerListener.log Server built:          Apr 1 2025 17:20:53 UTC
16-Oct-2025 19:50:01.041 INFO [main] org.apache.catalina.startup.VersionLoggerListener.log Server version number: 10.1.40.0
16-Oct-2025 19:50:01.041 INFO [main] org.apache.catalina.startup.VersionLoggerListener.log OS Name:               Windows 11
16-Oct-2025 19:50:01.041 INFO [main] org.apache.catalina.startup.VersionLoggerListener.log OS Version:            10.0
16-Oct-2025 19:50:01.041 INFO [main] org.apache.catalina.startup.VersionLoggerListener.log Architecture:          amd64
16-Oct-2025 19:50:01.041 INFO [main] org.apache.catalina.startup.VersionLoggerListener.log Java Home:             C:\Program Files\Java\jdk-11
16-Oct-2025 19:50:01.041 INFO [main] org.apache.catalina.startup.VersionLoggerListener.log JVM Version:           11.0.27+8-LTS-232
16-Oct-2025 19:50:01.041 INFO [main] org.apache.catalina.startup.VersionLoggerListener.log JVM Vendor:            Oracle Corporation
16-Oct-2025 19:50:01.041 INFO [main] org.apache.catalina.startup.VersionLoggerListener.log CATALINA_BASE:         D:\CacLopFPT\Ki5_SE1902\SWP\Restaurant_Management_System\tomcat\apache-tomcat-10.1.40
16-Oct-2025 19:50:01.041 INFO [main] org.apache.catalina.startup.VersionLoggerListener.log CATALINA_HOME:         D:\CacLopFPT\Ki5_SE1902\SWP\Restaurant_Management_System\tomcat\apache-tomcat-10.1.40
16-Oct-2025 19:50:01.051 INFO [main] org.apache.catalina.startup.VersionLoggerListener.log Command line argument: -Djava.util.logging.config.file=D:\CacLopFPT\Ki5_SE1902\SWP\Restaurant_Management_System\tomcat\apache-tomcat-10.1.40\conf\logging.properties
16-Oct-2025 19:50:01.051 INFO [main] org.apache.catalina.startup.VersionLoggerListener.log Command line argument: -Djava.util.logging.manager=org.apache.juli.ClassLoaderLogManager
16-Oct-2025 19:50:01.051 INFO [main] org.apache.catalina.startup.VersionLoggerListener.log Command line argument: -Dhttp.nonProxyHosts=localhost|127.0.0.1|LAPTOP-7ND2K2DN
16-Oct-2025 19:50:01.051 INFO [main] org.apache.catalina.startup.VersionLoggerListener.log Command line argument: -Djdk.tls.ephemeralDHKeySize=2048
16-Oct-2025 19:50:01.051 INFO [main] org.apache.catalina.startup.VersionLoggerListener.log Command line argument: -Djava.protocol.handler.pkgs=org.apache.catalina.webresources
16-Oct-2025 19:50:01.051 INFO [main] org.apache.catalina.startup.VersionLoggerListener.log Command line argument: -Dsun.io.useCanonCaches=false
16-Oct-2025 19:50:01.051 INFO [main] org.apache.catalina.startup.VersionLoggerListener.log Command line argument: --add-opens=java.base/java.lang=ALL-UNNAMED
16-Oct-2025 19:50:01.051 INFO [main] org.apache.catalina.startup.VersionLoggerListener.log Command line argument: --add-opens=java.base/java.lang.reflect=ALL-UNNAMED
16-Oct-2025 19:50:01.051 INFO [main] org.apache.catalina.startup.VersionLoggerListener.log Command line argument: --add-opens=java.base/java.io=ALL-UNNAMED
16-Oct-2025 19:50:01.051 INFO [main] org.apache.catalina.startup.VersionLoggerListener.log Command line argument: --add-opens=java.base/java.util=ALL-UNNAMED
16-Oct-2025 19:50:01.051 INFO [main] org.apache.catalina.startup.VersionLoggerListener.log Command line argument: --add-opens=java.base/java.util.concurrent=ALL-UNNAMED
16-Oct-2025 19:50:01.051 INFO [main] org.apache.catalina.startup.VersionLoggerListener.log Command line argument: --add-opens=java.rmi/sun.rmi.transport=ALL-UNNAMED
16-Oct-2025 19:50:01.051 INFO [main] org.apache.catalina.startup.VersionLoggerListener.log Command line argument: -Dcatalina.base=D:\CacLopFPT\Ki5_SE1902\SWP\Restaurant_Management_System\tomcat\apache-tomcat-10.1.40
16-Oct-2025 19:50:01.051 INFO [main] org.apache.catalina.startup.VersionLoggerListener.log Command line argument: -Dcatalina.home=D:\CacLopFPT\Ki5_SE1902\SWP\Restaurant_Management_System\tomcat\apache-tomcat-10.1.40
16-Oct-2025 19:50:01.051 INFO [main] org.apache.catalina.startup.VersionLoggerListener.log Command line argument: -Djava.io.tmpdir=D:\CacLopFPT\Ki5_SE1902\SWP\Restaurant_Management_System\tomcat\apache-tomcat-10.1.40\temp
16-Oct-2025 19:50:01.105 INFO [main] org.apache.catalina.core.AprLifecycleListener.lifecycleEvent Loaded Apache Tomcat Native library [2.0.8] using APR version [1.7.4].
16-Oct-2025 19:50:01.111 INFO [main] org.apache.catalina.core.AprLifecycleListener.initializeSSL OpenSSL successfully initialized [OpenSSL 3.0.14 4 Jun 2024]
16-Oct-2025 19:50:01.256 INFO [main] org.apache.coyote.AbstractProtocol.init Initializing ProtocolHandler ["http-nio-8080"]
16-Oct-2025 19:50:01.271 INFO [main] org.apache.catalina.startup.Catalina.load Server initialization in [342] milliseconds
16-Oct-2025 19:50:01.313 INFO [main] org.apache.catalina.core.StandardService.startInternal Starting service [Catalina]
16-Oct-2025 19:50:01.313 INFO [main] org.apache.catalina.core.StandardEngine.startInternal Starting Servlet engine: [Apache Tomcat/10.1.40]
16-Oct-2025 19:50:01.320 INFO [main] org.apache.catalina.startup.HostConfig.deployDescriptor Deploying deployment descriptor [D:\CacLopFPT\Ki5_SE1902\SWP\Restaurant_Management_System\tomcat\apache-tomcat-10.1.40\conf\Catalina\localhost\SWP391_RMS.xml]
16-Oct-2025 19:50:01.325 WARNING [main] org.apache.catalina.startup.HostConfig.deployDescriptor The path attribute with value [/SWP391_RMS] in deployment descriptor [D:\CacLopFPT\Ki5_SE1902\SWP\Restaurant_Management_System\tomcat\apache-tomcat-10.1.40\conf\Catalina\localhost\SWP391_RMS.xml] has been ignored
16-Oct-2025 19:50:02.157 INFO [main] org.apache.jasper.servlet.TldScanner.scanJars At least one JAR was scanned for TLDs yet contained no TLDs. Enable debug logging for this logger for a complete list of JARs that were scanned but no TLDs were found in them. Skipping unneeded JARs during scanning can improve startup time and JSP compilation time.
16-Oct-2025 19:50:02.276 WARNING [main] org.apache.catalina.util.SessionIdGeneratorBase.createSecureRandom Creation of SecureRandom instance for session ID generation using [SHA1PRNG] took [101] milliseconds.
16-Oct-2025 19:50:02.287 INFO [main] org.apache.catalina.startup.HostConfig.deployDescriptor Deployment of deployment descriptor [D:\CacLopFPT\Ki5_SE1902\SWP\Restaurant_Management_System\tomcat\apache-tomcat-10.1.40\conf\Catalina\localhost\SWP391_RMS.xml] has finished in [967] ms
16-Oct-2025 19:50:02.287 INFO [main] org.apache.catalina.startup.HostConfig.deployDirectory Deploying web application directory [D:\CacLopFPT\Ki5_SE1902\SWP\Restaurant_Management_System\tomcat\apache-tomcat-10.1.40\webapps\docs]
16-Oct-2025 19:50:02.302 INFO [main] org.apache.catalina.startup.HostConfig.deployDirectory Deployment of web application directory [D:\CacLopFPT\Ki5_SE1902\SWP\Restaurant_Management_System\tomcat\apache-tomcat-10.1.40\webapps\docs] has finished in [15] ms
16-Oct-2025 19:50:02.302 INFO [main] org.apache.catalina.startup.HostConfig.deployDirectory Deploying web application directory [D:\CacLopFPT\Ki5_SE1902\SWP\Restaurant_Management_System\tomcat\apache-tomcat-10.1.40\webapps\examples]
16-Oct-2025 19:50:02.436 INFO [main] org.apache.catalina.startup.HostConfig.deployDirectory Deployment of web application directory [D:\CacLopFPT\Ki5_SE1902\SWP\Restaurant_Management_System\tomcat\apache-tomcat-10.1.40\webapps\examples] has finished in [134] ms
16-Oct-2025 19:50:02.436 INFO [main] org.apache.catalina.startup.HostConfig.deployDirectory Deploying web application directory [D:\CacLopFPT\Ki5_SE1902\SWP\Restaurant_Management_System\tomcat\apache-tomcat-10.1.40\webapps\host-manager]
16-Oct-2025 19:50:02.457 INFO [main] org.apache.catalina.startup.HostConfig.deployDirectory Deployment of web application directory [D:\CacLopFPT\Ki5_SE1902\SWP\Restaurant_Management_System\tomcat\apache-tomcat-10.1.40\webapps\host-manager] has finished in [21] ms
16-Oct-2025 19:50:02.457 INFO [main] org.apache.catalina.startup.HostConfig.deployDirectory Deploying web application directory [D:\CacLopFPT\Ki5_SE1902\SWP\Restaurant_Management_System\tomcat\apache-tomcat-10.1.40\webapps\manager]
16-Oct-2025 19:50:02.471 INFO [main] org.apache.catalina.startup.HostConfig.deployDirectory Deployment of web application directory [D:\CacLopFPT\Ki5_SE1902\SWP\Restaurant_Management_System\tomcat\apache-tomcat-10.1.40\webapps\manager] has finished in [14] ms
16-Oct-2025 19:50:02.471 INFO [main] org.apache.catalina.startup.HostConfig.deployDirectory Deploying web application directory [D:\CacLopFPT\Ki5_SE1902\SWP\Restaurant_Management_System\tomcat\apache-tomcat-10.1.40\webapps\ROOT]
16-Oct-2025 19:50:02.481 INFO [main] org.apache.catalina.startup.HostConfig.deployDirectory Deployment of web application directory [D:\CacLopFPT\Ki5_SE1902\SWP\Restaurant_Management_System\tomcat\apache-tomcat-10.1.40\webapps\ROOT] has finished in [10] ms
16-Oct-2025 19:50:02.486 INFO [main] org.apache.coyote.AbstractProtocol.start Starting ProtocolHandler ["http-nio-8080"]
16-Oct-2025 19:50:02.586 INFO [main] org.apache.catalina.startup.Catalina.start Server startup in [1312] milliseconds
16-Oct-2025 19:50:05.282 INFO [http-nio-8080-exec-9] org.apache.catalina.startup.HostConfig.undeploy Undeploying context [/SWP391_RMS]
16-Oct-2025 19:50:05.314 INFO [http-nio-8080-exec-3] org.apache.catalina.startup.HostConfig.deployDescriptor Deploying deployment descriptor [D:\CacLopFPT\Ki5_SE1902\SWP\Restaurant_Management_System\tomcat\apache-tomcat-10.1.40\conf\Catalina\localhost\SWP391_RMS.xml]
16-Oct-2025 19:50:05.321 WARNING [http-nio-8080-exec-3] org.apache.catalina.startup.HostConfig.deployDescriptor The path attribute with value [/SWP391_RMS] in deployment descriptor [D:\CacLopFPT\Ki5_SE1902\SWP\Restaurant_Management_System\tomcat\apache-tomcat-10.1.40\conf\Catalina\localhost\SWP391_RMS.xml] has been ignored
16-Oct-2025 19:50:05.801 INFO [http-nio-8080-exec-3] org.apache.jasper.servlet.TldScanner.scanJars At least one JAR was scanned for TLDs yet contained no TLDs. Enable debug logging for this logger for a complete list of JARs that were scanned but no TLDs were found in them. Skipping unneeded JARs during scanning can improve startup time and JSP compilation time.
16-Oct-2025 19:50:05.811 INFO [http-nio-8080-exec-3] org.apache.catalina.startup.HostConfig.deployDescriptor Deployment of deployment descriptor [D:\CacLopFPT\Ki5_SE1902\SWP\Restaurant_Management_System\tomcat\apache-tomcat-10.1.40\conf\Catalina\localhost\SWP391_RMS.xml] has finished in [497] ms
16-Oct-2025 19:50:05.816 INFO [http-nio-8080-exec-10] org.apache.catalina.util.LifecycleBase.start The start() method was called on component [StandardEngine[Catalina].StandardHost[localhost].StandardContext[/SWP391_RMS]] after start() had already been called. The second call will be ignored.
16-Oct-2025 19:50:06.301 SEVERE [http-nio-8080-exec-1] db.DBContext.<init> null
	com.microsoft.sqlserver.jdbc.SQLServerException: Login failed for user 'sa'. ClientConnectionId:3b9b0a28-2eb2-4580-99f0-864361adcc87
		at com.microsoft.sqlserver.jdbc.SQLServerException.makeFromDatabaseError(SQLServerException.java:270)
		at com.microsoft.sqlserver.jdbc.TDSTokenHandler.onEOF(tdsparser.java:340)
		at com.microsoft.sqlserver.jdbc.TDSParser.parse(tdsparser.java:137)
		at com.microsoft.sqlserver.jdbc.TDSParser.parse(tdsparser.java:42)
		at com.microsoft.sqlserver.jdbc.SQLServerConnection.sendLogon(SQLServerConnection.java:6905)
		at com.microsoft.sqlserver.jdbc.SQLServerConnection.logon(SQLServerConnection.java:5451)
		at com.microsoft.sqlserver.jdbc.SQLServerConnection$LogonCommand.doExecute(SQLServerConnection.java:5383)
		at com.microsoft.sqlserver.jdbc.TDSCommand.execute(IOBuffer.java:7775)
		at com.microsoft.sqlserver.jdbc.SQLServerConnection.executeCommand(SQLServerConnection.java:4408)
		at com.microsoft.sqlserver.jdbc.SQLServerConnection.connectHelper(SQLServerConnection.java:3845)
		at com.microsoft.sqlserver.jdbc.SQLServerConnection.login(SQLServerConnection.java:3402)
		at com.microsoft.sqlserver.jdbc.SQLServerConnection.connectInternal(SQLServerConnection.java:3211)
		at com.microsoft.sqlserver.jdbc.SQLServerConnection.connect(SQLServerConnection.java:1979)
		at com.microsoft.sqlserver.jdbc.SQLServerDriver.connect(SQLServerDriver.java:1267)
		at java.sql/java.sql.DriverManager.getConnection(DriverManager.java:677)
		at java.sql/java.sql.DriverManager.getConnection(DriverManager.java:228)
		at db.DBContext.<init>(DBContext.java:26)
		at dao.IngredientDAO.<init>(IngredientDAO.java:22)
		at controller.IngredientServlet.<init>(IngredientServlet.java:27)
		at java.base/jdk.internal.reflect.NativeConstructorAccessorImpl.newInstance0(Native Method)
		at java.base/jdk.internal.reflect.NativeConstructorAccessorImpl.newInstance(NativeConstructorAccessorImpl.java:62)
		at java.base/jdk.internal.reflect.DelegatingConstructorAccessorImpl.newInstance(DelegatingConstructorAccessorImpl.java:45)
		at java.base/java.lang.reflect.Constructor.newInstance(Constructor.java:490)
		at org.apache.catalina.core.DefaultInstanceManager.newInstance(DefaultInstanceManager.java:144)
		at org.apache.catalina.core.StandardWrapper.loadServlet(StandardWrapper.java:764)
		at org.apache.catalina.core.StandardWrapper.allocate(StandardWrapper.java:581)
		at org.apache.catalina.core.StandardWrapperValve.invoke(StandardWrapperValve.java:115)
		at org.apache.catalina.core.StandardContextValve.invoke(StandardContextValve.java:90)
		at org.apache.catalina.authenticator.AuthenticatorBase.invoke(AuthenticatorBase.java:483)
		at org.apache.catalina.core.StandardHostValve.invoke(StandardHostValve.java:116)
		at org.apache.catalina.valves.ErrorReportValve.invoke(ErrorReportValve.java:93)
		at org.apache.catalina.valves.AbstractAccessLogValve.invoke(AbstractAccessLogValve.java:666)
		at org.apache.catalina.core.StandardEngineValve.invoke(StandardEngineValve.java:74)
		at org.apache.catalina.connector.CoyoteAdapter.service(CoyoteAdapter.java:344)
		at org.apache.coyote.http11.Http11Processor.service(Http11Processor.java:398)
		at org.apache.coyote.AbstractProcessorLight.process(AbstractProcessorLight.java:63)
		at org.apache.coyote.AbstractProtocol$ConnectionHandler.process(AbstractProtocol.java:903)
		at org.apache.tomcat.util.net.NioEndpoint$SocketProcessor.doRun(NioEndpoint.java:1740)
		at org.apache.tomcat.util.net.SocketProcessorBase.run(SocketProcessorBase.java:52)
		at org.apache.tomcat.util.threads.ThreadPoolExecutor.runWorker(ThreadPoolExecutor.java:1189)
		at org.apache.tomcat.util.threads.ThreadPoolExecutor$Worker.run(ThreadPoolExecutor.java:658)
		at org.apache.tomcat.util.threads.TaskThread$WrappingRunnable.run(TaskThread.java:63)
		at java.base/java.lang.Thread.run(Thread.java:834)
16-Oct-2025 19:55:31.362 WARNING [http-nio-8080-exec-18] org.apache.catalina.loader.WebappClassLoaderBase.clearReferencesJdbc The web application [SWP391_RMS] registered the JDBC driver [com.microsoft.sqlserver.jdbc.SQLServerDriver] but failed to unregister it when the web application was stopped. To prevent a memory leak, the JDBC Driver has been forcibly unregistered.
16-Oct-2025 19:55:31.871 INFO [http-nio-8080-exec-18] org.apache.catalina.startup.HostConfig.undeploy Undeploying context [/SWP391_RMS]
16-Oct-2025 19:55:31.878 INFO [http-nio-8080-exec-11] org.apache.catalina.startup.HostConfig.deployDescriptor Deploying deployment descriptor [D:\CacLopFPT\Ki5_SE1902\SWP\Restaurant_Management_System\tomcat\apache-tomcat-10.1.40\conf\Catalina\localhost\SWP391_RMS.xml]
16-Oct-2025 19:55:31.878 WARNING [http-nio-8080-exec-11] org.apache.catalina.startup.HostConfig.deployDescriptor The path attribute with value [/SWP391_RMS] in deployment descriptor [D:\CacLopFPT\Ki5_SE1902\SWP\Restaurant_Management_System\tomcat\apache-tomcat-10.1.40\conf\Catalina\localhost\SWP391_RMS.xml] has been ignored
16-Oct-2025 19:55:32.368 INFO [http-nio-8080-exec-11] org.apache.jasper.servlet.TldScanner.scanJars At least one JAR was scanned for TLDs yet contained no TLDs. Enable debug logging for this logger for a complete list of JARs that were scanned but no TLDs were found in them. Skipping unneeded JARs during scanning can improve startup time and JSP compilation time.
16-Oct-2025 19:55:32.378 INFO [http-nio-8080-exec-11] org.apache.catalina.startup.HostConfig.deployDescriptor Deployment of deployment descriptor [D:\CacLopFPT\Ki5_SE1902\SWP\Restaurant_Management_System\tomcat\apache-tomcat-10.1.40\conf\Catalina\localhost\SWP391_RMS.xml] has finished in [500] ms
16-Oct-2025 19:55:32.378 INFO [http-nio-8080-exec-16] org.apache.catalina.util.LifecycleBase.start The start() method was called on component [StandardEngine[Catalina].StandardHost[localhost].StandardContext[/SWP391_RMS]] after start() had already been called. The second call will be ignored.
16-Oct-2025 19:55:32.595 SEVERE [http-nio-8080-exec-19] db.DBContext.<init> null
	com.microsoft.sqlserver.jdbc.SQLServerException: Login failed for user 'sa'. ClientConnectionId:983acf89-d4b7-40b5-966b-7f8b8525cdb3
		at com.microsoft.sqlserver.jdbc.SQLServerException.makeFromDatabaseError(SQLServerException.java:270)
		at com.microsoft.sqlserver.jdbc.TDSTokenHandler.onEOF(tdsparser.java:340)
		at com.microsoft.sqlserver.jdbc.TDSParser.parse(tdsparser.java:137)
		at com.microsoft.sqlserver.jdbc.TDSParser.parse(tdsparser.java:42)
		at com.microsoft.sqlserver.jdbc.SQLServerConnection.sendLogon(SQLServerConnection.java:6905)
		at com.microsoft.sqlserver.jdbc.SQLServerConnection.logon(SQLServerConnection.java:5451)
		at com.microsoft.sqlserver.jdbc.SQLServerConnection$LogonCommand.doExecute(SQLServerConnection.java:5383)
		at com.microsoft.sqlserver.jdbc.TDSCommand.execute(IOBuffer.java:7775)
		at com.microsoft.sqlserver.jdbc.SQLServerConnection.executeCommand(SQLServerConnection.java:4408)
		at com.microsoft.sqlserver.jdbc.SQLServerConnection.connectHelper(SQLServerConnection.java:3845)
		at com.microsoft.sqlserver.jdbc.SQLServerConnection.login(SQLServerConnection.java:3402)
		at com.microsoft.sqlserver.jdbc.SQLServerConnection.connectInternal(SQLServerConnection.java:3211)
		at com.microsoft.sqlserver.jdbc.SQLServerConnection.connect(SQLServerConnection.java:1979)
		at com.microsoft.sqlserver.jdbc.SQLServerDriver.connect(SQLServerDriver.java:1267)
		at java.sql/java.sql.DriverManager.getConnection(DriverManager.java:677)
		at java.sql/java.sql.DriverManager.getConnection(DriverManager.java:228)
		at db.DBContext.<init>(DBContext.java:26)
		at dao.IngredientDAO.<init>(IngredientDAO.java:22)
		at controller.IngredientServlet.<init>(IngredientServlet.java:27)
		at java.base/jdk.internal.reflect.NativeConstructorAccessorImpl.newInstance0(Native Method)
		at java.base/jdk.internal.reflect.NativeConstructorAccessorImpl.newInstance(NativeConstructorAccessorImpl.java:62)
		at java.base/jdk.internal.reflect.DelegatingConstructorAccessorImpl.newInstance(DelegatingConstructorAccessorImpl.java:45)
		at java.base/java.lang.reflect.Constructor.newInstance(Constructor.java:490)
		at org.apache.catalina.core.DefaultInstanceManager.newInstance(DefaultInstanceManager.java:144)
		at org.apache.catalina.core.StandardWrapper.loadServlet(StandardWrapper.java:764)
		at org.apache.catalina.core.StandardWrapper.allocate(StandardWrapper.java:581)
		at org.apache.catalina.core.StandardWrapperValve.invoke(StandardWrapperValve.java:115)
		at org.apache.catalina.core.StandardContextValve.invoke(StandardContextValve.java:90)
		at org.apache.catalina.authenticator.AuthenticatorBase.invoke(AuthenticatorBase.java:483)
		at org.apache.catalina.core.StandardHostValve.invoke(StandardHostValve.java:116)
		at org.apache.catalina.valves.ErrorReportValve.invoke(ErrorReportValve.java:93)
		at org.apache.catalina.valves.AbstractAccessLogValve.invoke(AbstractAccessLogValve.java:666)
		at org.apache.catalina.core.StandardEngineValve.invoke(StandardEngineValve.java:74)
		at org.apache.catalina.connector.CoyoteAdapter.service(CoyoteAdapter.java:344)
		at org.apache.coyote.http11.Http11Processor.service(Http11Processor.java:398)
		at org.apache.coyote.AbstractProcessorLight.process(AbstractProcessorLight.java:63)
		at org.apache.coyote.AbstractProtocol$ConnectionHandler.process(AbstractProtocol.java:903)
		at org.apache.tomcat.util.net.NioEndpoint$SocketProcessor.doRun(NioEndpoint.java:1740)
		at org.apache.tomcat.util.net.SocketProcessorBase.run(SocketProcessorBase.java:52)
		at org.apache.tomcat.util.threads.ThreadPoolExecutor.runWorker(ThreadPoolExecutor.java:1189)
		at org.apache.tomcat.util.threads.ThreadPoolExecutor$Worker.run(ThreadPoolExecutor.java:658)
		at org.apache.tomcat.util.threads.TaskThread$WrappingRunnable.run(TaskThread.java:63)
		at java.base/java.lang.Thread.run(Thread.java:834)
16-Oct-2025 20:02:55.589 WARNING [http-nio-8080-exec-25] org.apache.catalina.loader.WebappClassLoaderBase.clearReferencesJdbc The web application [SWP391_RMS] registered the JDBC driver [com.microsoft.sqlserver.jdbc.SQLServerDriver] but failed to unregister it when the web application was stopped. To prevent a memory leak, the JDBC Driver has been forcibly unregistered.
16-Oct-2025 20:02:56.114 INFO [http-nio-8080-exec-25] org.apache.catalina.startup.HostConfig.undeploy Undeploying context [/SWP391_RMS]
16-Oct-2025 20:02:56.119 INFO [http-nio-8080-exec-26] org.apache.catalina.startup.HostConfig.deployDescriptor Deploying deployment descriptor [D:\CacLopFPT\Ki5_SE1902\SWP\Restaurant_Management_System\tomcat\apache-tomcat-10.1.40\conf\Catalina\localhost\SWP391_RMS.xml]
16-Oct-2025 20:02:56.119 WARNING [http-nio-8080-exec-26] org.apache.catalina.startup.HostConfig.deployDescriptor The path attribute with value [/SWP391_RMS] in deployment descriptor [D:\CacLopFPT\Ki5_SE1902\SWP\Restaurant_Management_System\tomcat\apache-tomcat-10.1.40\conf\Catalina\localhost\SWP391_RMS.xml] has been ignored
16-Oct-2025 20:02:56.534 INFO [http-nio-8080-exec-26] org.apache.jasper.servlet.TldScanner.scanJars At least one JAR was scanned for TLDs yet contained no TLDs. Enable debug logging for this logger for a complete list of JARs that were scanned but no TLDs were found in them. Skipping unneeded JARs during scanning can improve startup time and JSP compilation time.
16-Oct-2025 20:02:56.543 INFO [http-nio-8080-exec-26] org.apache.catalina.startup.HostConfig.deployDescriptor Deployment of deployment descriptor [D:\CacLopFPT\Ki5_SE1902\SWP\Restaurant_Management_System\tomcat\apache-tomcat-10.1.40\conf\Catalina\localhost\SWP391_RMS.xml] has finished in [424] ms
16-Oct-2025 20:02:56.549 INFO [http-nio-8080-exec-22] org.apache.catalina.util.LifecycleBase.start The start() method was called on component [StandardEngine[Catalina].StandardHost[localhost].StandardContext[/SWP391_RMS]] after start() had already been called. The second call will be ignored.
16-Oct-2025 20:02:56.763 SEVERE [http-nio-8080-exec-21] db.DBContext.<init> null
	com.microsoft.sqlserver.jdbc.SQLServerException: Login failed for user 'sa'. ClientConnectionId:53f9ab4f-1653-47b0-ae13-61c17ab3f420
		at com.microsoft.sqlserver.jdbc.SQLServerException.makeFromDatabaseError(SQLServerException.java:270)
		at com.microsoft.sqlserver.jdbc.TDSTokenHandler.onEOF(tdsparser.java:340)
		at com.microsoft.sqlserver.jdbc.TDSParser.parse(tdsparser.java:137)
		at com.microsoft.sqlserver.jdbc.TDSParser.parse(tdsparser.java:42)
		at com.microsoft.sqlserver.jdbc.SQLServerConnection.sendLogon(SQLServerConnection.java:6905)
		at com.microsoft.sqlserver.jdbc.SQLServerConnection.logon(SQLServerConnection.java:5451)
		at com.microsoft.sqlserver.jdbc.SQLServerConnection$LogonCommand.doExecute(SQLServerConnection.java:5383)
		at com.microsoft.sqlserver.jdbc.TDSCommand.execute(IOBuffer.java:7775)
		at com.microsoft.sqlserver.jdbc.SQLServerConnection.executeCommand(SQLServerConnection.java:4408)
		at com.microsoft.sqlserver.jdbc.SQLServerConnection.connectHelper(SQLServerConnection.java:3845)
		at com.microsoft.sqlserver.jdbc.SQLServerConnection.login(SQLServerConnection.java:3402)
		at com.microsoft.sqlserver.jdbc.SQLServerConnection.connectInternal(SQLServerConnection.java:3211)
		at com.microsoft.sqlserver.jdbc.SQLServerConnection.connect(SQLServerConnection.java:1979)
		at com.microsoft.sqlserver.jdbc.SQLServerDriver.connect(SQLServerDriver.java:1267)
		at java.sql/java.sql.DriverManager.getConnection(DriverManager.java:677)
		at java.sql/java.sql.DriverManager.getConnection(DriverManager.java:228)
		at db.DBContext.<init>(DBContext.java:26)
		at dao.IngredientDAO.<init>(IngredientDAO.java:22)
		at controller.IngredientServlet.<init>(IngredientServlet.java:27)
		at java.base/jdk.internal.reflect.NativeConstructorAccessorImpl.newInstance0(Native Method)
		at java.base/jdk.internal.reflect.NativeConstructorAccessorImpl.newInstance(NativeConstructorAccessorImpl.java:62)
		at java.base/jdk.internal.reflect.DelegatingConstructorAccessorImpl.newInstance(DelegatingConstructorAccessorImpl.java:45)
		at java.base/java.lang.reflect.Constructor.newInstance(Constructor.java:490)
		at org.apache.catalina.core.DefaultInstanceManager.newInstance(DefaultInstanceManager.java:144)
		at org.apache.catalina.core.StandardWrapper.loadServlet(StandardWrapper.java:764)
		at org.apache.catalina.core.StandardWrapper.allocate(StandardWrapper.java:581)
		at org.apache.catalina.core.StandardWrapperValve.invoke(StandardWrapperValve.java:115)
		at org.apache.catalina.core.StandardContextValve.invoke(StandardContextValve.java:90)
		at org.apache.catalina.authenticator.AuthenticatorBase.invoke(AuthenticatorBase.java:483)
		at org.apache.catalina.core.StandardHostValve.invoke(StandardHostValve.java:116)
		at org.apache.catalina.valves.ErrorReportValve.invoke(ErrorReportValve.java:93)
		at org.apache.catalina.valves.AbstractAccessLogValve.invoke(AbstractAccessLogValve.java:666)
		at org.apache.catalina.core.StandardEngineValve.invoke(StandardEngineValve.java:74)
		at org.apache.catalina.connector.CoyoteAdapter.service(CoyoteAdapter.java:344)
		at org.apache.coyote.http11.Http11Processor.service(Http11Processor.java:398)
		at org.apache.coyote.AbstractProcessorLight.process(AbstractProcessorLight.java:63)
		at org.apache.coyote.AbstractProtocol$ConnectionHandler.process(AbstractProtocol.java:903)
		at org.apache.tomcat.util.net.NioEndpoint$SocketProcessor.doRun(NioEndpoint.java:1740)
		at org.apache.tomcat.util.net.SocketProcessorBase.run(SocketProcessorBase.java:52)
		at org.apache.tomcat.util.threads.ThreadPoolExecutor.runWorker(ThreadPoolExecutor.java:1189)
		at org.apache.tomcat.util.threads.ThreadPoolExecutor$Worker.run(ThreadPoolExecutor.java:658)
		at org.apache.tomcat.util.threads.TaskThread$WrappingRunnable.run(TaskThread.java:63)
		at java.base/java.lang.Thread.run(Thread.java:834)
16-Oct-2025 20:05:27.641 INFO [http-nio-8080-exec-34] org.apache.catalina.core.StandardContext.reload Reloading Context with name [/SWP391_RMS] has started
16-Oct-2025 20:05:27.641 WARNING [http-nio-8080-exec-34] org.apache.catalina.loader.WebappClassLoaderBase.clearReferencesJdbc The web application [SWP391_RMS] registered the JDBC driver [com.microsoft.sqlserver.jdbc.SQLServerDriver] but failed to unregister it when the web application was stopped. To prevent a memory leak, the JDBC Driver has been forcibly unregistered.
16-Oct-2025 20:05:28.086 INFO [http-nio-8080-exec-34] org.apache.jasper.servlet.TldScanner.scanJars At least one JAR was scanned for TLDs yet contained no TLDs. Enable debug logging for this logger for a complete list of JARs that were scanned but no TLDs were found in them. Skipping unneeded JARs during scanning can improve startup time and JSP compilation time.
16-Oct-2025 20:05:28.092 INFO [http-nio-8080-exec-34] org.apache.catalina.core.StandardContext.reload Reloading Context with name [/SWP391_RMS] is completed
16-Oct-2025 20:05:30.522 INFO [http-nio-8080-exec-34] org.apache.catalina.startup.HostConfig.undeploy Undeploying context [/SWP391_RMS]
16-Oct-2025 20:05:36.147 INFO [http-nio-8080-exec-34] org.apache.catalina.startup.HostConfig.deployDescriptor Deploying deployment descriptor [D:\CacLopFPT\Ki5_SE1902\SWP\Restaurant_Management_System\tomcat\apache-tomcat-10.1.40\conf\Catalina\localhost\SWP391_RMS.xml]
16-Oct-2025 20:05:36.147 WARNING [http-nio-8080-exec-34] org.apache.catalina.startup.HostConfig.deployDescriptor The path attribute with value [/SWP391_RMS] in deployment descriptor [D:\CacLopFPT\Ki5_SE1902\SWP\Restaurant_Management_System\tomcat\apache-tomcat-10.1.40\conf\Catalina\localhost\SWP391_RMS.xml] has been ignored
16-Oct-2025 20:05:36.553 INFO [http-nio-8080-exec-34] org.apache.jasper.servlet.TldScanner.scanJars At least one JAR was scanned for TLDs yet contained no TLDs. Enable debug logging for this logger for a complete list of JARs that were scanned but no TLDs were found in them. Skipping unneeded JARs during scanning can improve startup time and JSP compilation time.
16-Oct-2025 20:05:36.562 INFO [http-nio-8080-exec-34] org.apache.catalina.startup.HostConfig.deployDescriptor Deployment of deployment descriptor [D:\CacLopFPT\Ki5_SE1902\SWP\Restaurant_Management_System\tomcat\apache-tomcat-10.1.40\conf\Catalina\localhost\SWP391_RMS.xml] has finished in [415] ms
16-Oct-2025 20:05:36.567 INFO [http-nio-8080-exec-31] org.apache.catalina.util.LifecycleBase.start The start() method was called on component [StandardEngine[Catalina].StandardHost[localhost].StandardContext[/SWP391_RMS]] after start() had already been called. The second call will be ignored.
16-Oct-2025 20:15:51.230 INFO [main] org.apache.catalina.core.StandardServer.await A valid shutdown command was received via the shutdown port. Stopping the Server instance.
16-Oct-2025 20:15:51.231 INFO [main] org.apache.coyote.AbstractProtocol.pause Pausing ProtocolHandler ["http-nio-8080"]
16-Oct-2025 20:15:51.342 INFO [main] org.apache.catalina.core.StandardService.stopInternal Stopping service [Catalina]
16-Oct-2025 20:15:51.351 WARNING [main] org.apache.catalina.loader.WebappClassLoaderBase.clearReferencesJdbc The web application [SWP391_RMS] registered the JDBC driver [com.microsoft.sqlserver.jdbc.SQLServerDriver] but failed to unregister it when the web application was stopped. To prevent a memory leak, the JDBC Driver has been forcibly unregistered.
16-Oct-2025 20:15:51.354 INFO [main] org.apache.coyote.AbstractProtocol.stop Stopping ProtocolHandler ["http-nio-8080"]
16-Oct-2025 20:15:51.378 INFO [main] org.apache.coyote.AbstractProtocol.destroy Destroying ProtocolHandler ["http-nio-8080"]
