13-Oct-2025 10:39:11.947 INFO [main] org.apache.catalina.startup.VersionLoggerListener.log Server version name:   Apache Tomcat/10.1.40
13-Oct-2025 10:39:11.949 INFO [main] org.apache.catalina.startup.VersionLoggerListener.log Server built:          Apr 1 2025 17:20:53 UTC
13-Oct-2025 10:39:11.949 INFO [main] org.apache.catalina.startup.VersionLoggerListener.log Server version number: 10.1.40.0
13-Oct-2025 10:39:11.949 INFO [main] org.apache.catalina.startup.VersionLoggerListener.log OS Name:               Windows 11
13-Oct-2025 10:39:11.949 INFO [main] org.apache.catalina.startup.VersionLoggerListener.log OS Version:            10.0
13-Oct-2025 10:39:11.949 INFO [main] org.apache.catalina.startup.VersionLoggerListener.log Architecture:          amd64
13-Oct-2025 10:39:11.949 INFO [main] org.apache.catalina.startup.VersionLoggerListener.log Java Home:             C:\Program Files\Java\jdk-11
13-Oct-2025 10:39:11.949 INFO [main] org.apache.catalina.startup.VersionLoggerListener.log JVM Version:           11.0.27+8-LTS-232
13-Oct-2025 10:39:11.949 INFO [main] org.apache.catalina.startup.VersionLoggerListener.log JVM Vendor:            Oracle Corporation
13-Oct-2025 10:39:11.949 INFO [main] org.apache.catalina.startup.VersionLoggerListener.log CATALINA_BASE:         D:\CacLopFPT\Ki5_SE1902\SWP\Restaurant_Management_System\tomcat\apache-tomcat-10.1.40
13-Oct-2025 10:39:11.949 INFO [main] org.apache.catalina.startup.VersionLoggerListener.log CATALINA_HOME:         D:\CacLopFPT\Ki5_SE1902\SWP\Restaurant_Management_System\tomcat\apache-tomcat-10.1.40
13-Oct-2025 10:39:11.957 INFO [main] org.apache.catalina.startup.VersionLoggerListener.log Command line argument: -Djava.util.logging.config.file=D:\CacLopFPT\Ki5_SE1902\SWP\Restaurant_Management_System\tomcat\apache-tomcat-10.1.40\conf\logging.properties
13-Oct-2025 10:39:11.957 INFO [main] org.apache.catalina.startup.VersionLoggerListener.log Command line argument: -Djava.util.logging.manager=org.apache.juli.ClassLoaderLogManager
13-Oct-2025 10:39:11.958 INFO [main] org.apache.catalina.startup.VersionLoggerListener.log Command line argument: -Dhttp.nonProxyHosts=localhost|127.0.0.1|LAPTOP-7ND2K2DN
13-Oct-2025 10:39:11.958 INFO [main] org.apache.catalina.startup.VersionLoggerListener.log Command line argument: -Djdk.tls.ephemeralDHKeySize=2048
13-Oct-2025 10:39:11.958 INFO [main] org.apache.catalina.startup.VersionLoggerListener.log Command line argument: -Djava.protocol.handler.pkgs=org.apache.catalina.webresources
13-Oct-2025 10:39:11.958 INFO [main] org.apache.catalina.startup.VersionLoggerListener.log Command line argument: -Dsun.io.useCanonCaches=false
13-Oct-2025 10:39:11.958 INFO [main] org.apache.catalina.startup.VersionLoggerListener.log Command line argument: --add-opens=java.base/java.lang=ALL-UNNAMED
13-Oct-2025 10:39:11.958 INFO [main] org.apache.catalina.startup.VersionLoggerListener.log Command line argument: --add-opens=java.base/java.lang.reflect=ALL-UNNAMED
13-Oct-2025 10:39:11.958 INFO [main] org.apache.catalina.startup.VersionLoggerListener.log Command line argument: --add-opens=java.base/java.io=ALL-UNNAMED
13-Oct-2025 10:39:11.958 INFO [main] org.apache.catalina.startup.VersionLoggerListener.log Command line argument: --add-opens=java.base/java.util=ALL-UNNAMED
13-Oct-2025 10:39:11.958 INFO [main] org.apache.catalina.startup.VersionLoggerListener.log Command line argument: --add-opens=java.base/java.util.concurrent=ALL-UNNAMED
13-Oct-2025 10:39:11.958 INFO [main] org.apache.catalina.startup.VersionLoggerListener.log Command line argument: --add-opens=java.rmi/sun.rmi.transport=ALL-UNNAMED
13-Oct-2025 10:39:11.958 INFO [main] org.apache.catalina.startup.VersionLoggerListener.log Command line argument: -Dcatalina.base=D:\CacLopFPT\Ki5_SE1902\SWP\Restaurant_Management_System\tomcat\apache-tomcat-10.1.40
13-Oct-2025 10:39:11.958 INFO [main] org.apache.catalina.startup.VersionLoggerListener.log Command line argument: -Dcatalina.home=D:\CacLopFPT\Ki5_SE1902\SWP\Restaurant_Management_System\tomcat\apache-tomcat-10.1.40
13-Oct-2025 10:39:11.958 INFO [main] org.apache.catalina.startup.VersionLoggerListener.log Command line argument: -Djava.io.tmpdir=D:\CacLopFPT\Ki5_SE1902\SWP\Restaurant_Management_System\tomcat\apache-tomcat-10.1.40\temp
13-Oct-2025 10:39:11.961 INFO [main] org.apache.catalina.core.AprLifecycleListener.lifecycleEvent Loaded Apache Tomcat Native library [2.0.8] using APR version [1.7.4].
13-Oct-2025 10:39:11.966 INFO [main] org.apache.catalina.core.AprLifecycleListener.initializeSSL OpenSSL successfully initialized [OpenSSL 3.0.14 4 Jun 2024]
13-Oct-2025 10:39:12.136 INFO [main] org.apache.coyote.AbstractProtocol.init Initializing ProtocolHandler ["http-nio-8080"]
13-Oct-2025 10:39:12.155 INFO [main] org.apache.catalina.startup.Catalina.load Server initialization in [324] milliseconds
13-Oct-2025 10:39:12.191 INFO [main] org.apache.catalina.core.StandardService.startInternal Starting service [Catalina]
13-Oct-2025 10:39:12.191 INFO [main] org.apache.catalina.core.StandardEngine.startInternal Starting Servlet engine: [Apache Tomcat/10.1.40]
13-Oct-2025 10:39:12.198 INFO [main] org.apache.catalina.startup.HostConfig.deployDirectory Deploying web application directory [D:\CacLopFPT\Ki5_SE1902\SWP\Restaurant_Management_System\tomcat\apache-tomcat-10.1.40\webapps\docs]
13-Oct-2025 10:39:12.597 WARNING [main] org.apache.catalina.util.SessionIdGeneratorBase.createSecureRandom Creation of SecureRandom instance for session ID generation using [SHA1PRNG] took [142] milliseconds.
13-Oct-2025 10:39:12.628 INFO [main] org.apache.catalina.startup.HostConfig.deployDirectory Deployment of web application directory [D:\CacLopFPT\Ki5_SE1902\SWP\Restaurant_Management_System\tomcat\apache-tomcat-10.1.40\webapps\docs] has finished in [430] ms
13-Oct-2025 10:39:12.628 INFO [main] org.apache.catalina.startup.HostConfig.deployDirectory Deploying web application directory [D:\CacLopFPT\Ki5_SE1902\SWP\Restaurant_Management_System\tomcat\apache-tomcat-10.1.40\webapps\examples]
13-Oct-2025 10:39:12.923 INFO [main] org.apache.catalina.startup.HostConfig.deployDirectory Deployment of web application directory [D:\CacLopFPT\Ki5_SE1902\SWP\Restaurant_Management_System\tomcat\apache-tomcat-10.1.40\webapps\examples] has finished in [295] ms
13-Oct-2025 10:39:12.923 INFO [main] org.apache.catalina.startup.HostConfig.deployDirectory Deploying web application directory [D:\CacLopFPT\Ki5_SE1902\SWP\Restaurant_Management_System\tomcat\apache-tomcat-10.1.40\webapps\host-manager]
13-Oct-2025 10:39:12.954 INFO [main] org.apache.catalina.startup.HostConfig.deployDirectory Deployment of web application directory [D:\CacLopFPT\Ki5_SE1902\SWP\Restaurant_Management_System\tomcat\apache-tomcat-10.1.40\webapps\host-manager] has finished in [31] ms
13-Oct-2025 10:39:12.955 INFO [main] org.apache.catalina.startup.HostConfig.deployDirectory Deploying web application directory [D:\CacLopFPT\Ki5_SE1902\SWP\Restaurant_Management_System\tomcat\apache-tomcat-10.1.40\webapps\manager]
13-Oct-2025 10:39:12.986 INFO [main] org.apache.catalina.startup.HostConfig.deployDirectory Deployment of web application directory [D:\CacLopFPT\Ki5_SE1902\SWP\Restaurant_Management_System\tomcat\apache-tomcat-10.1.40\webapps\manager] has finished in [31] ms
13-Oct-2025 10:39:12.987 INFO [main] org.apache.catalina.startup.HostConfig.deployDirectory Deploying web application directory [D:\CacLopFPT\Ki5_SE1902\SWP\Restaurant_Management_System\tomcat\apache-tomcat-10.1.40\webapps\ROOT]
13-Oct-2025 10:39:13.015 INFO [main] org.apache.catalina.startup.HostConfig.deployDirectory Deployment of web application directory [D:\CacLopFPT\Ki5_SE1902\SWP\Restaurant_Management_System\tomcat\apache-tomcat-10.1.40\webapps\ROOT] has finished in [29] ms
13-Oct-2025 10:39:13.040 INFO [main] org.apache.coyote.AbstractProtocol.start Starting ProtocolHandler ["http-nio-8080"]
13-Oct-2025 10:39:13.277 INFO [main] org.apache.catalina.startup.Catalina.start Server startup in [1120] milliseconds
13-Oct-2025 10:39:14.610 INFO [http-nio-8080-exec-1] org.apache.catalina.startup.HostConfig.deployDescriptor Deploying deployment descriptor [D:\CacLopFPT\Ki5_SE1902\SWP\Restaurant_Management_System\tomcat\apache-tomcat-10.1.40\conf\Catalina\localhost\SWP391_RMS.xml]
13-Oct-2025 10:39:14.612 WARNING [http-nio-8080-exec-1] org.apache.catalina.startup.HostConfig.deployDescriptor The path attribute with value [/SWP391_RMS] in deployment descriptor [D:\CacLopFPT\Ki5_SE1902\SWP\Restaurant_Management_System\tomcat\apache-tomcat-10.1.40\conf\Catalina\localhost\SWP391_RMS.xml] has been ignored
13-Oct-2025 10:39:15.342 INFO [http-nio-8080-exec-1] org.apache.jasper.servlet.TldScanner.scanJars At least one JAR was scanned for TLDs yet contained no TLDs. Enable debug logging for this logger for a complete list of JARs that were scanned but no TLDs were found in them. Skipping unneeded JARs during scanning can improve startup time and JSP compilation time.
13-Oct-2025 10:39:15.358 INFO [http-nio-8080-exec-1] org.apache.catalina.startup.HostConfig.deployDescriptor Deployment of deployment descriptor [D:\CacLopFPT\Ki5_SE1902\SWP\Restaurant_Management_System\tomcat\apache-tomcat-10.1.40\conf\Catalina\localhost\SWP391_RMS.xml] has finished in [747] ms
13-Oct-2025 10:39:15.361 INFO [http-nio-8080-exec-4] org.apache.catalina.util.LifecycleBase.start The start() method was called on component [StandardEngine[Catalina].StandardHost[localhost].StandardContext[/SWP391_RMS]] after start() had already been called. The second call will be ignored.
13-Oct-2025 12:04:15.356 INFO [main] org.apache.catalina.core.StandardServer.await A valid shutdown command was received via the shutdown port. Stopping the Server instance.
13-Oct-2025 12:04:15.356 INFO [main] org.apache.coyote.AbstractProtocol.pause Pausing ProtocolHandler ["http-nio-8080"]
13-Oct-2025 12:04:15.467 INFO [main] org.apache.catalina.core.StandardService.stopInternal Stopping service [Catalina]
13-Oct-2025 12:04:15.485 WARNING [main] org.apache.catalina.loader.WebappClassLoaderBase.clearReferencesJdbc The web application [SWP391_RMS] registered the JDBC driver [com.microsoft.sqlserver.jdbc.SQLServerDriver] but failed to unregister it when the web application was stopped. To prevent a memory leak, the JDBC Driver has been forcibly unregistered.
13-Oct-2025 12:04:15.485 INFO [main] org.apache.coyote.AbstractProtocol.stop Stopping ProtocolHandler ["http-nio-8080"]
13-Oct-2025 12:04:15.501 INFO [main] org.apache.coyote.AbstractProtocol.destroy Destroying ProtocolHandler ["http-nio-8080"]
