12-Oct-2025 01:13:05.948 INFO [main] org.apache.catalina.core.StandardServer.await A valid shutdown command was received via the shutdown port. Stopping the Server instance.
12-Oct-2025 01:13:05.953 INFO [main] org.apache.coyote.AbstractProtocol.pause Pausing ProtocolHandler ["http-nio-8080"]
12-Oct-2025 01:13:06.068 INFO [main] org.apache.catalina.core.StandardService.stopInternal Stopping service [Catalina]
12-Oct-2025 01:13:06.118 INFO [main] org.apache.coyote.AbstractProtocol.stop Stopping ProtocolHandler ["http-nio-8080"]
12-Oct-2025 01:13:06.161 INFO [main] org.apache.coyote.AbstractProtocol.destroy Destroying ProtocolHandler ["http-nio-8080"]
12-Oct-2025 01:30:22.823 INFO [main] org.apache.catalina.startup.VersionLoggerListener.log Server version name:   Apache Tomcat/10.1.40
12-Oct-2025 01:30:22.823 INFO [main] org.apache.catalina.startup.VersionLoggerListener.log Server built:          Apr 1 2025 17:20:53 UTC
12-Oct-2025 01:30:22.823 INFO [main] org.apache.catalina.startup.VersionLoggerListener.log Server version number: 10.1.40.0
12-Oct-2025 01:30:22.823 INFO [main] org.apache.catalina.startup.VersionLoggerListener.log OS Name:               Windows 11
12-Oct-2025 01:30:22.823 INFO [main] org.apache.catalina.startup.VersionLoggerListener.log OS Version:            10.0
12-Oct-2025 01:30:22.823 INFO [main] org.apache.catalina.startup.VersionLoggerListener.log Architecture:          amd64
12-Oct-2025 01:30:22.823 INFO [main] org.apache.catalina.startup.VersionLoggerListener.log Java Home:             C:\Program Files\Java\jdk-11
12-Oct-2025 01:30:22.823 INFO [main] org.apache.catalina.startup.VersionLoggerListener.log JVM Version:           11.0.27+8-LTS-232
12-Oct-2025 01:30:22.823 INFO [main] org.apache.catalina.startup.VersionLoggerListener.log JVM Vendor:            Oracle Corporation
12-Oct-2025 01:30:22.823 INFO [main] org.apache.catalina.startup.VersionLoggerListener.log CATALINA_BASE:         D:\CacLopFPT\Ki5_SE1902\SWP\Restaurant_Management_System\tomcat\apache-tomcat-10.1.40
12-Oct-2025 01:30:22.823 INFO [main] org.apache.catalina.startup.VersionLoggerListener.log CATALINA_HOME:         D:\CacLopFPT\Ki5_SE1902\SWP\Restaurant_Management_System\tomcat\apache-tomcat-10.1.40
12-Oct-2025 01:30:22.823 INFO [main] org.apache.catalina.startup.VersionLoggerListener.log Command line argument: -Djava.util.logging.config.file=D:\CacLopFPT\Ki5_SE1902\SWP\Restaurant_Management_System\tomcat\apache-tomcat-10.1.40\conf\logging.properties
12-Oct-2025 01:30:22.823 INFO [main] org.apache.catalina.startup.VersionLoggerListener.log Command line argument: -Djava.util.logging.manager=org.apache.juli.ClassLoaderLogManager
12-Oct-2025 01:30:22.823 INFO [main] org.apache.catalina.startup.VersionLoggerListener.log Command line argument: -Dhttp.nonProxyHosts=localhost|127.0.0.1|LAPTOP-7ND2K2DN
12-Oct-2025 01:30:22.823 INFO [main] org.apache.catalina.startup.VersionLoggerListener.log Command line argument: -Djdk.tls.ephemeralDHKeySize=2048
12-Oct-2025 01:30:22.823 INFO [main] org.apache.catalina.startup.VersionLoggerListener.log Command line argument: -Djava.protocol.handler.pkgs=org.apache.catalina.webresources
12-Oct-2025 01:30:22.823 INFO [main] org.apache.catalina.startup.VersionLoggerListener.log Command line argument: -Dsun.io.useCanonCaches=false
12-Oct-2025 01:30:22.823 INFO [main] org.apache.catalina.startup.VersionLoggerListener.log Command line argument: --add-opens=java.base/java.lang=ALL-UNNAMED
12-Oct-2025 01:30:22.823 INFO [main] org.apache.catalina.startup.VersionLoggerListener.log Command line argument: --add-opens=java.base/java.lang.reflect=ALL-UNNAMED
12-Oct-2025 01:30:22.823 INFO [main] org.apache.catalina.startup.VersionLoggerListener.log Command line argument: --add-opens=java.base/java.io=ALL-UNNAMED
12-Oct-2025 01:30:22.823 INFO [main] org.apache.catalina.startup.VersionLoggerListener.log Command line argument: --add-opens=java.base/java.util=ALL-UNNAMED
12-Oct-2025 01:30:22.823 INFO [main] org.apache.catalina.startup.VersionLoggerListener.log Command line argument: --add-opens=java.base/java.util.concurrent=ALL-UNNAMED
12-Oct-2025 01:30:22.823 INFO [main] org.apache.catalina.startup.VersionLoggerListener.log Command line argument: --add-opens=java.rmi/sun.rmi.transport=ALL-UNNAMED
12-Oct-2025 01:30:22.823 INFO [main] org.apache.catalina.startup.VersionLoggerListener.log Command line argument: -Dcatalina.base=D:\CacLopFPT\Ki5_SE1902\SWP\Restaurant_Management_System\tomcat\apache-tomcat-10.1.40
12-Oct-2025 01:30:22.823 INFO [main] org.apache.catalina.startup.VersionLoggerListener.log Command line argument: -Dcatalina.home=D:\CacLopFPT\Ki5_SE1902\SWP\Restaurant_Management_System\tomcat\apache-tomcat-10.1.40
12-Oct-2025 01:30:22.823 INFO [main] org.apache.catalina.startup.VersionLoggerListener.log Command line argument: -Djava.io.tmpdir=D:\CacLopFPT\Ki5_SE1902\SWP\Restaurant_Management_System\tomcat\apache-tomcat-10.1.40\temp
12-Oct-2025 01:30:22.982 INFO [main] org.apache.catalina.core.AprLifecycleListener.lifecycleEvent Loaded Apache Tomcat Native library [2.0.8] using APR version [1.7.4].
12-Oct-2025 01:30:22.982 INFO [main] org.apache.catalina.core.AprLifecycleListener.initializeSSL OpenSSL successfully initialized [OpenSSL 3.0.14 4 Jun 2024]
12-Oct-2025 01:30:23.141 INFO [main] org.apache.coyote.AbstractProtocol.init Initializing ProtocolHandler ["http-nio-8080"]
12-Oct-2025 01:30:23.157 INFO [main] org.apache.catalina.startup.Catalina.load Server initialization in [450] milliseconds
12-Oct-2025 01:30:23.188 INFO [main] org.apache.catalina.core.StandardService.startInternal Starting service [Catalina]
12-Oct-2025 01:30:23.188 INFO [main] org.apache.catalina.core.StandardEngine.startInternal Starting Servlet engine: [Apache Tomcat/10.1.40]
12-Oct-2025 01:30:23.188 INFO [main] org.apache.catalina.startup.HostConfig.deployDescriptor Deploying deployment descriptor [D:\CacLopFPT\Ki5_SE1902\SWP\Restaurant_Management_System\tomcat\apache-tomcat-10.1.40\conf\Catalina\localhost\SWP391_RMS.xml]
12-Oct-2025 01:30:23.204 WARNING [main] org.apache.catalina.startup.HostConfig.deployDescriptor The path attribute with value [/SWP391_RMS] in deployment descriptor [D:\CacLopFPT\Ki5_SE1902\SWP\Restaurant_Management_System\tomcat\apache-tomcat-10.1.40\conf\Catalina\localhost\SWP391_RMS.xml] has been ignored
12-Oct-2025 01:30:26.705 INFO [main] org.apache.jasper.servlet.TldScanner.scanJars At least one JAR was scanned for TLDs yet contained no TLDs. Enable debug logging for this logger for a complete list of JARs that were scanned but no TLDs were found in them. Skipping unneeded JARs during scanning can improve startup time and JSP compilation time.
12-Oct-2025 01:30:26.846 WARNING [main] org.apache.catalina.util.SessionIdGeneratorBase.createSecureRandom Creation of SecureRandom instance for session ID generation using [SHA1PRNG] took [109] milliseconds.
12-Oct-2025 01:30:26.846 INFO [main] org.apache.catalina.startup.HostConfig.deployDescriptor Deployment of deployment descriptor [D:\CacLopFPT\Ki5_SE1902\SWP\Restaurant_Management_System\tomcat\apache-tomcat-10.1.40\conf\Catalina\localhost\SWP391_RMS.xml] has finished in [3,658] ms
12-Oct-2025 01:30:26.846 INFO [main] org.apache.catalina.startup.HostConfig.deployDirectory Deploying web application directory [D:\CacLopFPT\Ki5_SE1902\SWP\Restaurant_Management_System\tomcat\apache-tomcat-10.1.40\webapps\docs]
12-Oct-2025 01:30:26.862 INFO [main] org.apache.catalina.startup.HostConfig.deployDirectory Deployment of web application directory [D:\CacLopFPT\Ki5_SE1902\SWP\Restaurant_Management_System\tomcat\apache-tomcat-10.1.40\webapps\docs] has finished in [16] ms
12-Oct-2025 01:30:26.862 INFO [main] org.apache.catalina.startup.HostConfig.deployDirectory Deploying web application directory [D:\CacLopFPT\Ki5_SE1902\SWP\Restaurant_Management_System\tomcat\apache-tomcat-10.1.40\webapps\examples]
12-Oct-2025 01:30:27.810 INFO [main] org.apache.catalina.startup.HostConfig.deployDirectory Deployment of web application directory [D:\CacLopFPT\Ki5_SE1902\SWP\Restaurant_Management_System\tomcat\apache-tomcat-10.1.40\webapps\examples] has finished in [948] ms
12-Oct-2025 01:30:27.810 INFO [main] org.apache.catalina.startup.HostConfig.deployDirectory Deploying web application directory [D:\CacLopFPT\Ki5_SE1902\SWP\Restaurant_Management_System\tomcat\apache-tomcat-10.1.40\webapps\host-manager]
12-Oct-2025 01:30:27.826 INFO [main] org.apache.catalina.startup.HostConfig.deployDirectory Deployment of web application directory [D:\CacLopFPT\Ki5_SE1902\SWP\Restaurant_Management_System\tomcat\apache-tomcat-10.1.40\webapps\host-manager] has finished in [16] ms
12-Oct-2025 01:30:27.826 INFO [main] org.apache.catalina.startup.HostConfig.deployDirectory Deploying web application directory [D:\CacLopFPT\Ki5_SE1902\SWP\Restaurant_Management_System\tomcat\apache-tomcat-10.1.40\webapps\manager]
12-Oct-2025 01:30:27.842 INFO [main] org.apache.catalina.startup.HostConfig.deployDirectory Deployment of web application directory [D:\CacLopFPT\Ki5_SE1902\SWP\Restaurant_Management_System\tomcat\apache-tomcat-10.1.40\webapps\manager] has finished in [16] ms
12-Oct-2025 01:30:27.842 INFO [main] org.apache.catalina.startup.HostConfig.deployDirectory Deploying web application directory [D:\CacLopFPT\Ki5_SE1902\SWP\Restaurant_Management_System\tomcat\apache-tomcat-10.1.40\webapps\ROOT]
12-Oct-2025 01:30:27.857 INFO [main] org.apache.catalina.startup.HostConfig.deployDirectory Deployment of web application directory [D:\CacLopFPT\Ki5_SE1902\SWP\Restaurant_Management_System\tomcat\apache-tomcat-10.1.40\webapps\ROOT] has finished in [15] ms
12-Oct-2025 01:30:27.857 INFO [main] org.apache.coyote.AbstractProtocol.start Starting ProtocolHandler ["http-nio-8080"]
12-Oct-2025 01:30:27.953 INFO [main] org.apache.catalina.startup.Catalina.start Server startup in [4804] milliseconds
12-Oct-2025 01:30:29.713 INFO [http-nio-8080-exec-1] org.apache.catalina.startup.HostConfig.undeploy Undeploying context [/SWP391_RMS]
12-Oct-2025 01:30:29.744 INFO [http-nio-8080-exec-8] org.apache.catalina.startup.HostConfig.deployDescriptor Deploying deployment descriptor [D:\CacLopFPT\Ki5_SE1902\SWP\Restaurant_Management_System\tomcat\apache-tomcat-10.1.40\conf\Catalina\localhost\SWP391_RMS.xml]
12-Oct-2025 01:30:29.760 WARNING [http-nio-8080-exec-8] org.apache.catalina.startup.HostConfig.deployDescriptor The path attribute with value [/SWP391_RMS] in deployment descriptor [D:\CacLopFPT\Ki5_SE1902\SWP\Restaurant_Management_System\tomcat\apache-tomcat-10.1.40\conf\Catalina\localhost\SWP391_RMS.xml] has been ignored
12-Oct-2025 01:30:30.251 INFO [http-nio-8080-exec-8] org.apache.jasper.servlet.TldScanner.scanJars At least one JAR was scanned for TLDs yet contained no TLDs. Enable debug logging for this logger for a complete list of JARs that were scanned but no TLDs were found in them. Skipping unneeded JARs during scanning can improve startup time and JSP compilation time.
12-Oct-2025 01:30:30.267 INFO [http-nio-8080-exec-8] org.apache.catalina.startup.HostConfig.deployDescriptor Deployment of deployment descriptor [D:\CacLopFPT\Ki5_SE1902\SWP\Restaurant_Management_System\tomcat\apache-tomcat-10.1.40\conf\Catalina\localhost\SWP391_RMS.xml] has finished in [523] ms
12-Oct-2025 01:30:30.267 INFO [http-nio-8080-exec-5] org.apache.catalina.util.LifecycleBase.start The start() method was called on component [StandardEngine[Catalina].StandardHost[localhost].StandardContext[/SWP391_RMS]] after start() had already been called. The second call will be ignored.
12-Oct-2025 02:15:57.760 INFO [main] org.apache.catalina.core.StandardServer.await A valid shutdown command was received via the shutdown port. Stopping the Server instance.
12-Oct-2025 02:15:57.760 INFO [main] org.apache.coyote.AbstractProtocol.pause Pausing ProtocolHandler ["http-nio-8080"]
12-Oct-2025 02:15:57.871 INFO [main] org.apache.catalina.core.StandardService.stopInternal Stopping service [Catalina]
12-Oct-2025 02:15:57.889 WARNING [main] org.apache.catalina.loader.WebappClassLoaderBase.clearReferencesJdbc The web application [SWP391_RMS] registered the JDBC driver [com.microsoft.sqlserver.jdbc.SQLServerDriver] but failed to unregister it when the web application was stopped. To prevent a memory leak, the JDBC Driver has been forcibly unregistered.
12-Oct-2025 02:15:57.889 INFO [main] org.apache.coyote.AbstractProtocol.stop Stopping ProtocolHandler ["http-nio-8080"]
12-Oct-2025 02:15:57.905 INFO [main] org.apache.coyote.AbstractProtocol.destroy Destroying ProtocolHandler ["http-nio-8080"]
12-Oct-2025 08:01:31.707 INFO [main] org.apache.catalina.startup.VersionLoggerListener.log Server version name:   Apache Tomcat/10.1.40
12-Oct-2025 08:01:31.710 INFO [main] org.apache.catalina.startup.VersionLoggerListener.log Server built:          Apr 1 2025 17:20:53 UTC
12-Oct-2025 08:01:31.710 INFO [main] org.apache.catalina.startup.VersionLoggerListener.log Server version number: 10.1.40.0
12-Oct-2025 08:01:31.710 INFO [main] org.apache.catalina.startup.VersionLoggerListener.log OS Name:               Windows 11
12-Oct-2025 08:01:31.711 INFO [main] org.apache.catalina.startup.VersionLoggerListener.log OS Version:            10.0
12-Oct-2025 08:01:31.711 INFO [main] org.apache.catalina.startup.VersionLoggerListener.log Architecture:          amd64
12-Oct-2025 08:01:31.711 INFO [main] org.apache.catalina.startup.VersionLoggerListener.log Java Home:             C:\Program Files\Java\jdk-11
12-Oct-2025 08:01:31.711 INFO [main] org.apache.catalina.startup.VersionLoggerListener.log JVM Version:           11.0.27+8-LTS-232
12-Oct-2025 08:01:31.711 INFO [main] org.apache.catalina.startup.VersionLoggerListener.log JVM Vendor:            Oracle Corporation
12-Oct-2025 08:01:31.711 INFO [main] org.apache.catalina.startup.VersionLoggerListener.log CATALINA_BASE:         D:\CacLopFPT\Ki5_SE1902\SWP\Restaurant_Management_System\tomcat\apache-tomcat-10.1.40
12-Oct-2025 08:01:31.711 INFO [main] org.apache.catalina.startup.VersionLoggerListener.log CATALINA_HOME:         D:\CacLopFPT\Ki5_SE1902\SWP\Restaurant_Management_System\tomcat\apache-tomcat-10.1.40
12-Oct-2025 08:01:31.721 INFO [main] org.apache.catalina.startup.VersionLoggerListener.log Command line argument: -Djava.util.logging.config.file=D:\CacLopFPT\Ki5_SE1902\SWP\Restaurant_Management_System\tomcat\apache-tomcat-10.1.40\conf\logging.properties
12-Oct-2025 08:01:31.721 INFO [main] org.apache.catalina.startup.VersionLoggerListener.log Command line argument: -Djava.util.logging.manager=org.apache.juli.ClassLoaderLogManager
12-Oct-2025 08:01:31.721 INFO [main] org.apache.catalina.startup.VersionLoggerListener.log Command line argument: -Dhttp.nonProxyHosts=localhost|127.0.0.1|LAPTOP-7ND2K2DN
12-Oct-2025 08:01:31.721 INFO [main] org.apache.catalina.startup.VersionLoggerListener.log Command line argument: -Djdk.tls.ephemeralDHKeySize=2048
12-Oct-2025 08:01:31.721 INFO [main] org.apache.catalina.startup.VersionLoggerListener.log Command line argument: -Djava.protocol.handler.pkgs=org.apache.catalina.webresources
12-Oct-2025 08:01:31.723 INFO [main] org.apache.catalina.startup.VersionLoggerListener.log Command line argument: -Dsun.io.useCanonCaches=false
12-Oct-2025 08:01:31.723 INFO [main] org.apache.catalina.startup.VersionLoggerListener.log Command line argument: --add-opens=java.base/java.lang=ALL-UNNAMED
12-Oct-2025 08:01:31.723 INFO [main] org.apache.catalina.startup.VersionLoggerListener.log Command line argument: --add-opens=java.base/java.lang.reflect=ALL-UNNAMED
12-Oct-2025 08:01:31.723 INFO [main] org.apache.catalina.startup.VersionLoggerListener.log Command line argument: --add-opens=java.base/java.io=ALL-UNNAMED
12-Oct-2025 08:01:31.723 INFO [main] org.apache.catalina.startup.VersionLoggerListener.log Command line argument: --add-opens=java.base/java.util=ALL-UNNAMED
12-Oct-2025 08:01:31.723 INFO [main] org.apache.catalina.startup.VersionLoggerListener.log Command line argument: --add-opens=java.base/java.util.concurrent=ALL-UNNAMED
12-Oct-2025 08:01:31.723 INFO [main] org.apache.catalina.startup.VersionLoggerListener.log Command line argument: --add-opens=java.rmi/sun.rmi.transport=ALL-UNNAMED
12-Oct-2025 08:01:31.723 INFO [main] org.apache.catalina.startup.VersionLoggerListener.log Command line argument: -Dcatalina.base=D:\CacLopFPT\Ki5_SE1902\SWP\Restaurant_Management_System\tomcat\apache-tomcat-10.1.40
12-Oct-2025 08:01:31.723 INFO [main] org.apache.catalina.startup.VersionLoggerListener.log Command line argument: -Dcatalina.home=D:\CacLopFPT\Ki5_SE1902\SWP\Restaurant_Management_System\tomcat\apache-tomcat-10.1.40
12-Oct-2025 08:01:31.724 INFO [main] org.apache.catalina.startup.VersionLoggerListener.log Command line argument: -Djava.io.tmpdir=D:\CacLopFPT\Ki5_SE1902\SWP\Restaurant_Management_System\tomcat\apache-tomcat-10.1.40\temp
12-Oct-2025 08:01:31.899 INFO [main] org.apache.catalina.core.AprLifecycleListener.lifecycleEvent Loaded Apache Tomcat Native library [2.0.8] using APR version [1.7.4].
12-Oct-2025 08:01:31.914 INFO [main] org.apache.catalina.core.AprLifecycleListener.initializeSSL OpenSSL successfully initialized [OpenSSL 3.0.14 4 Jun 2024]
12-Oct-2025 08:01:32.090 INFO [main] org.apache.coyote.AbstractProtocol.init Initializing ProtocolHandler ["http-nio-8080"]
12-Oct-2025 08:01:32.107 INFO [main] org.apache.catalina.startup.Catalina.load Server initialization in [564] milliseconds
12-Oct-2025 08:01:32.144 INFO [main] org.apache.catalina.core.StandardService.startInternal Starting service [Catalina]
12-Oct-2025 08:01:32.144 INFO [main] org.apache.catalina.core.StandardEngine.startInternal Starting Servlet engine: [Apache Tomcat/10.1.40]
12-Oct-2025 08:01:32.151 INFO [main] org.apache.catalina.startup.HostConfig.deployDescriptor Deploying deployment descriptor [D:\CacLopFPT\Ki5_SE1902\SWP\Restaurant_Management_System\tomcat\apache-tomcat-10.1.40\conf\Catalina\localhost\SWP391_RMS.xml]
12-Oct-2025 08:01:32.159 WARNING [main] org.apache.catalina.startup.HostConfig.deployDescriptor The path attribute with value [/SWP391_RMS] in deployment descriptor [D:\CacLopFPT\Ki5_SE1902\SWP\Restaurant_Management_System\tomcat\apache-tomcat-10.1.40\conf\Catalina\localhost\SWP391_RMS.xml] has been ignored
12-Oct-2025 08:01:36.450 INFO [main] org.apache.jasper.servlet.TldScanner.scanJars At least one JAR was scanned for TLDs yet contained no TLDs. Enable debug logging for this logger for a complete list of JARs that were scanned but no TLDs were found in them. Skipping unneeded JARs during scanning can improve startup time and JSP compilation time.
12-Oct-2025 08:01:36.599 WARNING [main] org.apache.catalina.util.SessionIdGeneratorBase.createSecureRandom Creation of SecureRandom instance for session ID generation using [SHA1PRNG] took [108] milliseconds.
12-Oct-2025 08:01:36.618 INFO [main] org.apache.catalina.startup.HostConfig.deployDescriptor Deployment of deployment descriptor [D:\CacLopFPT\Ki5_SE1902\SWP\Restaurant_Management_System\tomcat\apache-tomcat-10.1.40\conf\Catalina\localhost\SWP391_RMS.xml] has finished in [4,467] ms
12-Oct-2025 08:01:36.618 INFO [main] org.apache.catalina.startup.HostConfig.deployDirectory Deploying web application directory [D:\CacLopFPT\Ki5_SE1902\SWP\Restaurant_Management_System\tomcat\apache-tomcat-10.1.40\webapps\docs]
12-Oct-2025 08:01:36.647 INFO [main] org.apache.catalina.startup.HostConfig.deployDirectory Deployment of web application directory [D:\CacLopFPT\Ki5_SE1902\SWP\Restaurant_Management_System\tomcat\apache-tomcat-10.1.40\webapps\docs] has finished in [29] ms
12-Oct-2025 08:01:36.647 INFO [main] org.apache.catalina.startup.HostConfig.deployDirectory Deploying web application directory [D:\CacLopFPT\Ki5_SE1902\SWP\Restaurant_Management_System\tomcat\apache-tomcat-10.1.40\webapps\examples]
12-Oct-2025 08:01:37.572 INFO [main] org.apache.catalina.startup.HostConfig.deployDirectory Deployment of web application directory [D:\CacLopFPT\Ki5_SE1902\SWP\Restaurant_Management_System\tomcat\apache-tomcat-10.1.40\webapps\examples] has finished in [925] ms
12-Oct-2025 08:01:37.572 INFO [main] org.apache.catalina.startup.HostConfig.deployDirectory Deploying web application directory [D:\CacLopFPT\Ki5_SE1902\SWP\Restaurant_Management_System\tomcat\apache-tomcat-10.1.40\webapps\host-manager]
12-Oct-2025 08:01:37.595 INFO [main] org.apache.catalina.startup.HostConfig.deployDirectory Deployment of web application directory [D:\CacLopFPT\Ki5_SE1902\SWP\Restaurant_Management_System\tomcat\apache-tomcat-10.1.40\webapps\host-manager] has finished in [23] ms
12-Oct-2025 08:01:37.595 INFO [main] org.apache.catalina.startup.HostConfig.deployDirectory Deploying web application directory [D:\CacLopFPT\Ki5_SE1902\SWP\Restaurant_Management_System\tomcat\apache-tomcat-10.1.40\webapps\manager]
12-Oct-2025 08:01:37.614 INFO [main] org.apache.catalina.startup.HostConfig.deployDirectory Deployment of web application directory [D:\CacLopFPT\Ki5_SE1902\SWP\Restaurant_Management_System\tomcat\apache-tomcat-10.1.40\webapps\manager] has finished in [19] ms
12-Oct-2025 08:01:37.616 INFO [main] org.apache.catalina.startup.HostConfig.deployDirectory Deploying web application directory [D:\CacLopFPT\Ki5_SE1902\SWP\Restaurant_Management_System\tomcat\apache-tomcat-10.1.40\webapps\ROOT]
12-Oct-2025 08:01:37.631 INFO [main] org.apache.catalina.startup.HostConfig.deployDirectory Deployment of web application directory [D:\CacLopFPT\Ki5_SE1902\SWP\Restaurant_Management_System\tomcat\apache-tomcat-10.1.40\webapps\ROOT] has finished in [15] ms
12-Oct-2025 08:01:37.635 INFO [main] org.apache.coyote.AbstractProtocol.start Starting ProtocolHandler ["http-nio-8080"]
12-Oct-2025 08:01:37.753 INFO [main] org.apache.catalina.startup.Catalina.start Server startup in [5646] milliseconds
12-Oct-2025 08:01:41.234 INFO [http-nio-8080-exec-1] org.apache.catalina.startup.HostConfig.undeploy Undeploying context [/SWP391_RMS]
12-Oct-2025 08:01:41.271 INFO [http-nio-8080-exec-7] org.apache.catalina.startup.HostConfig.deployDescriptor Deploying deployment descriptor [D:\CacLopFPT\Ki5_SE1902\SWP\Restaurant_Management_System\tomcat\apache-tomcat-10.1.40\conf\Catalina\localhost\SWP391_RMS.xml]
12-Oct-2025 08:01:41.272 WARNING [http-nio-8080-exec-7] org.apache.catalina.startup.HostConfig.deployDescriptor The path attribute with value [/SWP391_RMS] in deployment descriptor [D:\CacLopFPT\Ki5_SE1902\SWP\Restaurant_Management_System\tomcat\apache-tomcat-10.1.40\conf\Catalina\localhost\SWP391_RMS.xml] has been ignored
12-Oct-2025 08:01:41.796 INFO [http-nio-8080-exec-7] org.apache.jasper.servlet.TldScanner.scanJars At least one JAR was scanned for TLDs yet contained no TLDs. Enable debug logging for this logger for a complete list of JARs that were scanned but no TLDs were found in them. Skipping unneeded JARs during scanning can improve startup time and JSP compilation time.
12-Oct-2025 08:01:41.808 INFO [http-nio-8080-exec-7] org.apache.catalina.startup.HostConfig.deployDescriptor Deployment of deployment descriptor [D:\CacLopFPT\Ki5_SE1902\SWP\Restaurant_Management_System\tomcat\apache-tomcat-10.1.40\conf\Catalina\localhost\SWP391_RMS.xml] has finished in [535] ms
12-Oct-2025 08:01:41.812 INFO [http-nio-8080-exec-8] org.apache.catalina.util.LifecycleBase.start The start() method was called on component [StandardEngine[Catalina].StandardHost[localhost].StandardContext[/SWP391_RMS]] after start() had already been called. The second call will be ignored.
12-Oct-2025 08:02:01.933 INFO [http-nio-8080-exec-11] org.apache.catalina.core.StandardContext.reload Reloading Context with name [/SWP391_RMS] has started
12-Oct-2025 08:02:01.942 WARNING [http-nio-8080-exec-11] org.apache.catalina.loader.WebappClassLoaderBase.clearReferencesJdbc The web application [SWP391_RMS] registered the JDBC driver [com.microsoft.sqlserver.jdbc.SQLServerDriver] but failed to unregister it when the web application was stopped. To prevent a memory leak, the JDBC Driver has been forcibly unregistered.
12-Oct-2025 08:02:03.283 INFO [http-nio-8080-exec-11] org.apache.jasper.servlet.TldScanner.scanJars At least one JAR was scanned for TLDs yet contained no TLDs. Enable debug logging for this logger for a complete list of JARs that were scanned but no TLDs were found in them. Skipping unneeded JARs during scanning can improve startup time and JSP compilation time.
12-Oct-2025 08:02:03.316 INFO [http-nio-8080-exec-11] org.apache.catalina.core.StandardContext.reload Reloading Context with name [/SWP391_RMS] is completed
12-Oct-2025 08:04:13.255 INFO [http-nio-8080-exec-23] org.apache.catalina.core.StandardContext.reload Reloading Context with name [/SWP391_RMS] has started
12-Oct-2025 08:04:13.258 WARNING [http-nio-8080-exec-23] org.apache.catalina.loader.WebappClassLoaderBase.clearReferencesJdbc The web application [SWP391_RMS] registered the JDBC driver [com.microsoft.sqlserver.jdbc.SQLServerDriver] but failed to unregister it when the web application was stopped. To prevent a memory leak, the JDBC Driver has been forcibly unregistered.
12-Oct-2025 08:04:13.835 INFO [http-nio-8080-exec-23] org.apache.jasper.servlet.TldScanner.scanJars At least one JAR was scanned for TLDs yet contained no TLDs. Enable debug logging for this logger for a complete list of JARs that were scanned but no TLDs were found in them. Skipping unneeded JARs during scanning can improve startup time and JSP compilation time.
12-Oct-2025 08:04:13.849 INFO [http-nio-8080-exec-23] org.apache.catalina.core.StandardContext.reload Reloading Context with name [/SWP391_RMS] is completed
12-Oct-2025 08:04:14.469 INFO [http-nio-8080-exec-19] org.apache.catalina.core.StandardContext.reload Reloading Context with name [/SWP391_RMS] has started
12-Oct-2025 08:04:14.555 INFO [http-nio-8080-exec-19] org.apache.catalina.core.StandardWrapper.unload Waiting for [1] instance(s) to be deallocated for Servlet [CategoryServlet]
12-Oct-2025 08:04:14.664 WARNING [http-nio-8080-exec-19] org.apache.catalina.loader.WebappClassLoaderBase.clearReferencesJdbc The web application [SWP391_RMS] registered the JDBC driver [com.microsoft.sqlserver.jdbc.SQLServerDriver] but failed to unregister it when the web application was stopped. To prevent a memory leak, the JDBC Driver has been forcibly unregistered.
12-Oct-2025 08:04:15.150 INFO [http-nio-8080-exec-19] org.apache.jasper.servlet.TldScanner.scanJars At least one JAR was scanned for TLDs yet contained no TLDs. Enable debug logging for this logger for a complete list of JARs that were scanned but no TLDs were found in them. Skipping unneeded JARs during scanning can improve startup time and JSP compilation time.
12-Oct-2025 08:04:15.161 INFO [http-nio-8080-exec-19] org.apache.catalina.core.StandardContext.reload Reloading Context with name [/SWP391_RMS] is completed
12-Oct-2025 08:04:54.837 INFO [http-nio-8080-exec-20] org.apache.catalina.core.StandardContext.reload Reloading Context with name [/SWP391_RMS] has started
12-Oct-2025 08:04:54.841 WARNING [http-nio-8080-exec-20] org.apache.catalina.loader.WebappClassLoaderBase.clearReferencesJdbc The web application [SWP391_RMS] registered the JDBC driver [com.microsoft.sqlserver.jdbc.SQLServerDriver] but failed to unregister it when the web application was stopped. To prevent a memory leak, the JDBC Driver has been forcibly unregistered.
12-Oct-2025 08:04:55.340 INFO [http-nio-8080-exec-20] org.apache.jasper.servlet.TldScanner.scanJars At least one JAR was scanned for TLDs yet contained no TLDs. Enable debug logging for this logger for a complete list of JARs that were scanned but no TLDs were found in them. Skipping unneeded JARs during scanning can improve startup time and JSP compilation time.
12-Oct-2025 08:04:55.352 INFO [http-nio-8080-exec-20] org.apache.catalina.core.StandardContext.reload Reloading Context with name [/SWP391_RMS] is completed
12-Oct-2025 08:04:55.750 INFO [http-nio-8080-exec-31] org.apache.catalina.core.StandardContext.reload Reloading Context with name [/SWP391_RMS] has started
12-Oct-2025 08:04:56.176 INFO [http-nio-8080-exec-31] org.apache.jasper.servlet.TldScanner.scanJars At least one JAR was scanned for TLDs yet contained no TLDs. Enable debug logging for this logger for a complete list of JARs that were scanned but no TLDs were found in them. Skipping unneeded JARs during scanning can improve startup time and JSP compilation time.
12-Oct-2025 08:04:56.184 INFO [http-nio-8080-exec-31] org.apache.catalina.core.StandardContext.reload Reloading Context with name [/SWP391_RMS] is completed
12-Oct-2025 08:15:58.960 WARNING [http-nio-8080-exec-37] org.apache.catalina.loader.WebappClassLoaderBase.clearReferencesJdbc The web application [SWP391_RMS] registered the JDBC driver [com.microsoft.sqlserver.jdbc.SQLServerDriver] but failed to unregister it when the web application was stopped. To prevent a memory leak, the JDBC Driver has been forcibly unregistered.
12-Oct-2025 08:15:59.472 INFO [http-nio-8080-exec-37] org.apache.catalina.startup.HostConfig.undeploy Undeploying context [/SWP391_RMS]
12-Oct-2025 08:20:23.775 INFO [main] org.apache.catalina.core.StandardServer.await A valid shutdown command was received via the shutdown port. Stopping the Server instance.
12-Oct-2025 08:20:23.775 INFO [main] org.apache.coyote.AbstractProtocol.pause Pausing ProtocolHandler ["http-nio-8080"]
12-Oct-2025 08:20:24.088 INFO [main] org.apache.catalina.core.StandardService.stopInternal Stopping service [Catalina]
12-Oct-2025 08:20:24.104 INFO [main] org.apache.coyote.AbstractProtocol.stop Stopping ProtocolHandler ["http-nio-8080"]
12-Oct-2025 08:20:24.122 INFO [main] org.apache.coyote.AbstractProtocol.destroy Destroying ProtocolHandler ["http-nio-8080"]
